#
# There is insufficient memory for the Java Runtime Environment to continue.
# Native memory allocation (malloc) failed to allocate 706640 bytes for Chunk::new
# Possible reasons:
#   The system is out of physical RAM or swap space
#   The process is running with CompressedOops enabled, and the Java Heap may be blocking the growth of the native heap
# Possible solutions:
#   Reduce memory load on the system
#   Increase physical memory or swap space
#   Check if swap backing store is full
#   Decrease Java heap size (-Xmx/-Xms)
#   Decrease number of Java threads
#   Decrease Java thread stack sizes (-Xss)
#   Set larger code cache with -XX:ReservedCodeCacheSize=
#   JVM is running with Unscaled Compressed Oops mode in which the Java heap is
#     placed in the first 4GB address space. The Java Heap base address is the
#     maximum limit for the native heap growth. Please use -XX:HeapBaseMinAddress
#     to set the Java Heap base and to place the Java Heap above 4GB virtual address.
# This output file may be truncated or incomplete.
#
#  Out of Memory Error (arena.cpp:189), pid=9240, tid=10748
#
# JRE version: OpenJDK Runtime Environment JBR-17.0.8+7-1000.22-jcef (17.0.8+7) (build 17.0.8+7-b1000.22)
# Java VM: OpenJDK 64-Bit Server VM JBR-17.0.8+7-1000.22-jcef (17.0.8+7-b1000.22, mixed mode, tiered, compressed oops, compressed class ptrs, g1 gc, windows-amd64)
# No core dump will be written. Minidumps are not enabled by default on client versions of Windows
#

---------------  S U M M A R Y ------------

Command Line: --add-opens=java.base/java.util=ALL-UNNAMED --add-opens=java.base/java.lang=ALL-UNNAMED --add-opens=java.base/java.lang.invoke=ALL-UNNAMED --add-opens=java.prefs/java.util.prefs=ALL-UNNAMED --add-opens=java.base/java.nio.charset=ALL-UNNAMED --add-opens=java.base/java.net=ALL-UNNAMED --add-opens=java.base/java.util.concurrent.atomic=ALL-UNNAMED -XX:MaxMetaspaceSize=384m -XX:+HeapDumpOnOutOfMemoryError -Xms256m -Xmx512m -Dfile.encoding=UTF-8 -Duser.country=KR -Duser.language=ko -Duser.variant -javaagent:C:\Users\GGG\.gradle\wrapper\dists\gradle-8.3-bin\dxjbbhstwasg8cbags9q7cvli\gradle-8.3\lib\agents\gradle-instrumentation-agent-8.3.jar org.gradle.launcher.daemon.bootstrap.GradleDaemon 8.3

Host: Intel(R) Core(TM) i7-9700 CPU @ 3.00GHz, 8 cores, 15G,  Windows 10 , 64 bit Build 19041 (10.0.19041.3393)
Time: Thu Oct 12 16:20:35 2023  Windows 10 , 64 bit Build 19041 (10.0.19041.3393) elapsed time: 2275.010823 seconds (0d 0h 37m 55s)

---------------  T H R E A D  ---------------

Current thread (0x0000019f3048f870):  JavaThread "C2 CompilerThread0" daemon [_thread_in_native, id=10748, stack(0x0000003d68000000,0x0000003d68100000)]


Current CompileTask:
C2:2275010 16270   !   4       org.gradle.internal.event.DefaultListenerManager::getBroadcasterInternal (155 bytes)

Stack: [0x0000003d68000000,0x0000003d68100000]
Native frames: (J=compiled Java code, j=interpreted, Vv=VM code, C=native code)
V  [jvm.dll+0x6852da]
V  [jvm.dll+0x844c84]
V  [jvm.dll+0x84659e]
V  [jvm.dll+0x846c03]
V  [jvm.dll+0x24b7cf]
V  [jvm.dll+0xac3bc]
V  [jvm.dll+0xac98c]
V  [jvm.dll+0x11fed7]
V  [jvm.dll+0x617405]
V  [jvm.dll+0x615ad4]
V  [jvm.dll+0x21d668]
V  [jvm.dll+0x21cc11]
V  [jvm.dll+0x1a660d]
V  [jvm.dll+0x22c9c8]
V  [jvm.dll+0x22a990]
V  [jvm.dll+0x7f9d3c]
V  [jvm.dll+0x7f415a]
V  [jvm.dll+0x684115]
C  [ucrtbase.dll+0x21bb2]
C  [KERNEL32.DLL+0x17344]
C  [ntdll.dll+0x526b1]


---------------  P R O C E S S  ---------------

Threads class SMR info:
_java_thread_list=0x0000019f36af2c00, length=79, elements={
0x0000019f19afa4d0, 0x0000019f30332230, 0x0000019f303370c0, 0x0000019f304b3dd0,
0x0000019f304b48a0, 0x0000019f304b5260, 0x0000019f3048ec70, 0x0000019f3048f870,
0x0000019f30490180, 0x0000019f30490f90, 0x0000019f302ba6c0, 0x0000019f306e2b30,
0x0000019f37259000, 0x0000019f37079be0, 0x0000019f360f4940, 0x0000019f3616cf30,
0x0000019f3616e370, 0x0000019f37ec6150, 0x0000019f37ec38d0, 0x0000019f37ec2490,
0x0000019f37ec7fb0, 0x0000019f37ec42f0, 0x0000019f37ec29a0, 0x0000019f37ec2eb0,
0x0000019f37ec5730, 0x0000019f37ec7590, 0x0000019f37ec7aa0, 0x0000019f37c654f0,
0x0000019f37c62c70, 0x0000019f37c5eaa0, 0x0000019f37c5fee0, 0x0000019f3a36d130,
0x0000019f3a090f20, 0x0000019f3a090a10, 0x0000019f3a36bcf0, 0x0000019f3a36db50,
0x0000019f3a36ef90, 0x0000019f3a36ea80, 0x0000019f3a36c710, 0x0000019f3a369e90,
0x0000019f3a36cc20, 0x0000019f3a36e060, 0x0000019f3a36c200, 0x0000019f3a36f4a0,
0x0000019f3a36f9b0, 0x0000019f3a36fec0, 0x0000019f3a370df0, 0x0000019f3a36d640,
0x0000019f3a3703d0, 0x0000019f3a369980, 0x0000019f3a371300, 0x0000019f3a36a3a0,
0x0000019f3a36a8b0, 0x0000019f3a36b2d0, 0x0000019f3a36b7e0, 0x0000019f3a0937a0,
0x0000019f3a092d80, 0x0000019f3a0946d0, 0x0000019f3a091940, 0x0000019f3a096f50,
0x0000019f3a092870, 0x0000019f3a093290, 0x0000019f3a091430, 0x0000019f3a094be0,
0x0000019f3a08fff0, 0x0000019f3a0950f0, 0x0000019f3a095600, 0x0000019f3a097970,
0x0000019f3a096530, 0x0000019f3a096a40, 0x0000019f3a090500, 0x0000019f3a091e50,
0x0000019f3a095b10, 0x0000019f3a092360, 0x0000019f3a096020, 0x0000019f38ef90a0,
0x0000019f38ef95b0, 0x0000019f38ef3580, 0x0000019f38ef8680
}

Java Threads: ( => current thread )
  0x0000019f19afa4d0 JavaThread "main" [_thread_blocked, id=71180, stack(0x0000003d67300000,0x0000003d67400000)]
  0x0000019f30332230 JavaThread "Reference Handler" daemon [_thread_blocked, id=73188, stack(0x0000003d67a00000,0x0000003d67b00000)]
  0x0000019f303370c0 JavaThread "Finalizer" daemon [_thread_blocked, id=71472, stack(0x0000003d67b00000,0x0000003d67c00000)]
  0x0000019f304b3dd0 JavaThread "Signal Dispatcher" daemon [_thread_blocked, id=71568, stack(0x0000003d67c00000,0x0000003d67d00000)]
  0x0000019f304b48a0 JavaThread "Attach Listener" daemon [_thread_blocked, id=2208, stack(0x0000003d67d00000,0x0000003d67e00000)]
  0x0000019f304b5260 JavaThread "Service Thread" daemon [_thread_blocked, id=2188, stack(0x0000003d67e00000,0x0000003d67f00000)]
  0x0000019f3048ec70 JavaThread "Monitor Deflation Thread" daemon [_thread_blocked, id=4952, stack(0x0000003d67f00000,0x0000003d68000000)]
=>0x0000019f3048f870 JavaThread "C2 CompilerThread0" daemon [_thread_in_native, id=10748, stack(0x0000003d68000000,0x0000003d68100000)]
  0x0000019f30490180 JavaThread "C1 CompilerThread0" daemon [_thread_blocked, id=15356, stack(0x0000003d68100000,0x0000003d68200000)]
  0x0000019f30490f90 JavaThread "Sweeper thread" daemon [_thread_blocked, id=21820, stack(0x0000003d68200000,0x0000003d68300000)]
  0x0000019f302ba6c0 JavaThread "Common-Cleaner" daemon [_thread_blocked, id=68792, stack(0x0000003d68300000,0x0000003d68400000)]
  0x0000019f306e2b30 JavaThread "Notification Thread" daemon [_thread_blocked, id=7716, stack(0x0000003d68400000,0x0000003d68500000)]
  0x0000019f37259000 JavaThread "Daemon health stats" [_thread_blocked, id=71184, stack(0x0000003d68d00000,0x0000003d68e00000)]
  0x0000019f37079be0 JavaThread "Incoming local TCP Connector on port 65358" [_thread_in_native, id=15012, stack(0x0000003d68e00000,0x0000003d68f00000)]
  0x0000019f360f4940 JavaThread "Daemon periodic checks" [_thread_blocked, id=64576, stack(0x0000003d68f00000,0x0000003d69000000)]
  0x0000019f3616cf30 JavaThread "Cache worker for journal cache (C:\Users\GGG\.gradle\caches\journal-1)" [_thread_blocked, id=71536, stack(0x0000003d68700000,0x0000003d68800000)]
  0x0000019f3616e370 JavaThread "File lock request listener" [_thread_in_native, id=7768, stack(0x0000003d69a00000,0x0000003d69b00000)]
  0x0000019f37ec6150 JavaThread "Cache worker for file hash cache (C:\Users\GGG\.gradle\caches\8.3\fileHashes)" [_thread_blocked, id=18932, stack(0x0000003d69b00000,0x0000003d69c00000)]
  0x0000019f37ec38d0 JavaThread "File watcher server" daemon [_thread_in_native, id=73004, stack(0x0000003d69c00000,0x0000003d69d00000)]
  0x0000019f37ec2490 JavaThread "File watcher consumer" daemon [_thread_blocked, id=8344, stack(0x0000003d69d00000,0x0000003d69e00000)]
  0x0000019f37ec7fb0 JavaThread "Cache worker for file content cache (C:\Users\GGG\.gradle\caches\8.3\fileContent)" [_thread_blocked, id=72944, stack(0x0000003d6a100000,0x0000003d6a200000)]
  0x0000019f37ec42f0 JavaThread "Cache worker for execution history cache (C:\Users\GGG\.gradle\caches\8.3\executionHistory)" [_thread_blocked, id=3976, stack(0x0000003d6a300000,0x0000003d6a400000)]
  0x0000019f37ec29a0 JavaThread "jar transforms" [_thread_blocked, id=70948, stack(0x0000003d6a400000,0x0000003d6a500000)]
  0x0000019f37ec2eb0 JavaThread "jar transforms Thread 2" [_thread_blocked, id=580, stack(0x0000003d6a500000,0x0000003d6a600000)]
  0x0000019f37ec5730 JavaThread "jar transforms Thread 3" [_thread_blocked, id=73264, stack(0x0000003d6a700000,0x0000003d6a800000)]
  0x0000019f37ec7590 JavaThread "jar transforms Thread 4" [_thread_blocked, id=72556, stack(0x0000003d6a800000,0x0000003d6a900000)]
  0x0000019f37ec7aa0 JavaThread "jar transforms Thread 5" [_thread_blocked, id=73612, stack(0x0000003d6a900000,0x0000003d6aa00000)]
  0x0000019f37c654f0 JavaThread "jar transforms Thread 6" [_thread_blocked, id=64184, stack(0x0000003d6aa00000,0x0000003d6ab00000)]
  0x0000019f37c62c70 JavaThread "jar transforms Thread 7" [_thread_blocked, id=71956, stack(0x0000003d6ab00000,0x0000003d6ac00000)]
  0x0000019f37c5eaa0 JavaThread "jar transforms Thread 8" [_thread_blocked, id=10708, stack(0x0000003d6ac00000,0x0000003d6ad00000)]
  0x0000019f37c5fee0 JavaThread "Memory manager" [_thread_blocked, id=70664, stack(0x0000003d6b600000,0x0000003d6b700000)]
  0x0000019f3a36d130 JavaThread "Cache worker for Java compile cache (C:\Users\GGG\.gradle\caches\8.3\javaCompile)" [_thread_blocked, id=70296, stack(0x0000003d70800000,0x0000003d70900000)]
  0x0000019f3a090f20 JavaThread "Daemon Thread 9" [_thread_blocked, id=73548, stack(0x0000003d67000000,0x0000003d67100000)]
  0x0000019f3a090a10 JavaThread "Daemon worker Thread 7" [_thread_blocked, id=66548, stack(0x0000003d68600000,0x0000003d68700000)]
  0x0000019f3a36bcf0 JavaThread "included builds" [_thread_blocked, id=15244, stack(0x0000003d6b100000,0x0000003d6b200000)]
  0x0000019f3a36db50 JavaThread "Handler for socket connection from /127.0.0.1:65358 to /127.0.0.1:49257" [_thread_in_native, id=71088, stack(0x0000003d67100000,0x0000003d67200000)]
  0x0000019f3a36ef90 JavaThread "Cancel handler" [_thread_blocked, id=72900, stack(0x0000003d67200000,0x0000003d67300000)]
  0x0000019f3a36ea80 JavaThread "Asynchronous log dispatcher for DefaultDaemonConnection: socket connection from /127.0.0.1:65358 to /127.0.0.1:49257" [_thread_blocked, id=15144, stack(0x0000003d69000000,0x0000003d69100000)]
  0x0000019f3a36c710 JavaThread "Stdin handler" [_thread_blocked, id=29140, stack(0x0000003d69100000,0x0000003d69200000)]
  0x0000019f3a369e90 JavaThread "Daemon client event forwarder" [_thread_blocked, id=72788, stack(0x0000003d69200000,0x0000003d69300000)]
  0x0000019f3a36cc20 JavaThread "Cache worker for checksums cache (C:\Work\06_Backend\03_MybatisExam\MybatisExam\.gradle\8.3\checksums)" [_thread_blocked, id=10872, stack(0x0000003d69300000,0x0000003d69400000)]
  0x0000019f3a36e060 JavaThread "Cache worker for file hash cache (C:\Work\06_Backend\03_MybatisExam\MybatisExam\.gradle\8.3\fileHashes)" [_thread_blocked, id=12620, stack(0x0000003d69400000,0x0000003d69500000)]
  0x0000019f3a36c200 JavaThread "Cache worker for cache directory md-supplier (C:\Users\GGG\.gradle\caches\8.3\md-supplier)" [_thread_blocked, id=68228, stack(0x0000003d69500000,0x0000003d69600000)]
  0x0000019f3a36f4a0 JavaThread "Cache worker for cache directory md-rule (C:\Users\GGG\.gradle\caches\8.3\md-rule)" [_thread_blocked, id=7868, stack(0x0000003d69600000,0x0000003d69700000)]
  0x0000019f3a36f9b0 JavaThread "Cache worker for dependencies-accessors (C:\Work\06_Backend\03_MybatisExam\MybatisExam\.gradle\8.3\dependencies-accessors)" [_thread_blocked, id=11668, stack(0x0000003d69e00000,0x0000003d69f00000)]
  0x0000019f3a36fec0 JavaThread "Cache worker for Build Output Cleanup Cache (C:\Work\06_Backend\03_MybatisExam\MybatisExam\.gradle\buildOutputCleanup)" [_thread_blocked, id=7680, stack(0x0000003d69f00000,0x0000003d6a000000)]
  0x0000019f3a370df0 JavaThread "Unconstrained build operations" [_thread_blocked, id=69136, stack(0x0000003d6a000000,0x0000003d6a100000)]
  0x0000019f3a36d640 JavaThread "Unconstrained build operations Thread 2" [_thread_blocked, id=72512, stack(0x0000003d6a200000,0x0000003d6a300000)]
  0x0000019f3a3703d0 JavaThread "Unconstrained build operations Thread 3" [_thread_blocked, id=72964, stack(0x0000003d6a600000,0x0000003d6a700000)]
  0x0000019f3a369980 JavaThread "Unconstrained build operations Thread 4" [_thread_blocked, id=70072, stack(0x0000003d6ad00000,0x0000003d6ae00000)]
  0x0000019f3a371300 JavaThread "Unconstrained build operations Thread 5" [_thread_blocked, id=22120, stack(0x0000003d6ae00000,0x0000003d6af00000)]
  0x0000019f3a36a3a0 JavaThread "Unconstrained build operations Thread 6" [_thread_blocked, id=68776, stack(0x0000003d6af00000,0x0000003d6b000000)]
  0x0000019f3a36a8b0 JavaThread "Unconstrained build operations Thread 7" [_thread_blocked, id=65032, stack(0x0000003d6b000000,0x0000003d6b100000)]
  0x0000019f3a36b2d0 JavaThread "included builds" [_thread_blocked, id=72880, stack(0x0000003d6b200000,0x0000003d6b300000)]
  0x0000019f3a36b7e0 JavaThread "Execution worker" [_thread_in_Java, id=10984, stack(0x0000003d6b300000,0x0000003d6b400000)]
  0x0000019f3a0937a0 JavaThread "Execution worker Thread 2" [_thread_blocked, id=71096, stack(0x0000003d6b400000,0x0000003d6b500000)]
  0x0000019f3a092d80 JavaThread "Execution worker Thread 3" [_thread_blocked, id=71580, stack(0x0000003d6b500000,0x0000003d6b600000)]
  0x0000019f3a0946d0 JavaThread "Execution worker Thread 4" [_thread_blocked, id=10584, stack(0x0000003d6b700000,0x0000003d6b800000)]
  0x0000019f3a091940 JavaThread "Execution worker Thread 5" [_thread_blocked, id=63980, stack(0x0000003d6b800000,0x0000003d6b900000)]
  0x0000019f3a096f50 JavaThread "Execution worker Thread 6" [_thread_blocked, id=7764, stack(0x0000003d6b900000,0x0000003d6ba00000)]
  0x0000019f3a092870 JavaThread "Execution worker Thread 7" [_thread_blocked, id=71404, stack(0x0000003d6ba00000,0x0000003d6bb00000)]
  0x0000019f3a093290 JavaThread "Cache worker for execution history cache (C:\Work\06_Backend\03_MybatisExam\MybatisExam\.gradle\8.3\executionHistory)" [_thread_blocked, id=71932, stack(0x0000003d6bb00000,0x0000003d6bc00000)]
  0x0000019f3a091430 JavaThread "Unconstrained build operations Thread 8" [_thread_blocked, id=588, stack(0x0000003d6bc00000,0x0000003d6bd00000)]
  0x0000019f3a094be0 JavaThread "Unconstrained build operations Thread 9" [_thread_blocked, id=10108, stack(0x0000003d6bd00000,0x0000003d6be00000)]
  0x0000019f3a08fff0 JavaThread "Unconstrained build operations Thread 10" [_thread_blocked, id=13336, stack(0x0000003d6be00000,0x0000003d6bf00000)]
  0x0000019f3a0950f0 JavaThread "Unconstrained build operations Thread 11" [_thread_blocked, id=61604, stack(0x0000003d6bf00000,0x0000003d6c000000)]
  0x0000019f3a095600 JavaThread "Unconstrained build operations Thread 12" [_thread_blocked, id=14620, stack(0x0000003d6c000000,0x0000003d6c100000)]
  0x0000019f3a097970 JavaThread "Unconstrained build operations Thread 13" [_thread_blocked, id=71644, stack(0x0000003d6c100000,0x0000003d6c200000)]
  0x0000019f3a096530 JavaThread "Unconstrained build operations Thread 14" [_thread_blocked, id=72280, stack(0x0000003d6c200000,0x0000003d6c300000)]
  0x0000019f3a096a40 JavaThread "Unconstrained build operations Thread 15" [_thread_blocked, id=15264, stack(0x0000003d6c300000,0x0000003d6c400000)]
  0x0000019f3a090500 JavaThread "Unconstrained build operations Thread 16" [_thread_blocked, id=15328, stack(0x0000003d6c400000,0x0000003d6c500000)]
  0x0000019f3a091e50 JavaThread "Unconstrained build operations Thread 17" [_thread_blocked, id=71532, stack(0x0000003d6c500000,0x0000003d6c600000)]
  0x0000019f3a095b10 JavaThread "Unconstrained build operations Thread 18" [_thread_blocked, id=69500, stack(0x0000003d6c600000,0x0000003d6c700000)]
  0x0000019f3a092360 JavaThread "Unconstrained build operations Thread 19" [_thread_blocked, id=70760, stack(0x0000003d6c700000,0x0000003d6c800000)]
  0x0000019f3a096020 JavaThread "Unconstrained build operations Thread 20" [_thread_blocked, id=1324, stack(0x0000003d6c800000,0x0000003d6c900000)]
  0x0000019f38ef90a0 JavaThread "Unconstrained build operations Thread 21" [_thread_blocked, id=71084, stack(0x0000003d6c900000,0x0000003d6ca00000)]
  0x0000019f38ef95b0 JavaThread "Unconstrained build operations Thread 22" [_thread_blocked, id=9140, stack(0x0000003d6ca00000,0x0000003d6cb00000)]
  0x0000019f38ef3580 JavaThread "Unconstrained build operations Thread 23" [_thread_blocked, id=66808, stack(0x0000003d6cb00000,0x0000003d6cc00000)]
  0x0000019f38ef8680 JavaThread "Unconstrained build operations Thread 24" [_thread_blocked, id=7644, stack(0x0000003d6cc00000,0x0000003d6cd00000)]

Other Threads:
  0x0000019f3032e940 VMThread "VM Thread" [stack: 0x0000003d67900000,0x0000003d67a00000] [id=6332]
  0x0000019f306e3010 WatcherThread [stack: 0x0000003d68500000,0x0000003d68600000] [id=70412]
  0x0000019f19b27b30 GCTaskThread "GC Thread#0" [stack: 0x0000003d67400000,0x0000003d67500000] [id=71904]
  0x0000019f35f6ccf0 GCTaskThread "GC Thread#1" [stack: 0x0000003d68800000,0x0000003d68900000] [id=15136]
  0x0000019f360f9020 GCTaskThread "GC Thread#2" [stack: 0x0000003d68900000,0x0000003d68a00000] [id=62232]
  0x0000019f3544fb60 GCTaskThread "GC Thread#3" [stack: 0x0000003d68a00000,0x0000003d68b00000] [id=72576]
  0x0000019f3544fe20 GCTaskThread "GC Thread#4" [stack: 0x0000003d68b00000,0x0000003d68c00000] [id=73092]
  0x0000019f35b39ed0 GCTaskThread "GC Thread#5" [stack: 0x0000003d68c00000,0x0000003d68d00000] [id=71764]
  0x0000019f3705b040 GCTaskThread "GC Thread#6" [stack: 0x0000003d69700000,0x0000003d69800000] [id=69328]
  0x0000019f3705b300 GCTaskThread "GC Thread#7" [stack: 0x0000003d69800000,0x0000003d69900000] [id=69496]
  0x0000019f19b2ca80 ConcurrentGCThread "G1 Main Marker" [stack: 0x0000003d67500000,0x0000003d67600000] [id=67664]
  0x0000019f19b2d490 ConcurrentGCThread "G1 Conc#0" [stack: 0x0000003d67600000,0x0000003d67700000] [id=24668]
  0x0000019f3699a040 ConcurrentGCThread "G1 Conc#1" [stack: 0x0000003d69900000,0x0000003d69a00000] [id=71748]
  0x0000019f3018e920 ConcurrentGCThread "G1 Refine#0" [stack: 0x0000003d67700000,0x0000003d67800000] [id=5188]
  0x0000019f38e25f90 ConcurrentGCThread "G1 Refine#1" [stack: 0x0000003d71000000,0x0000003d71100000] [id=71280]
  0x0000019f38e285c0 ConcurrentGCThread "G1 Refine#2" [stack: 0x0000003d71100000,0x0000003d71200000] [id=71132]
  0x0000019f38e26b50 ConcurrentGCThread "G1 Refine#3" [stack: 0x0000003d71200000,0x0000003d71300000] [id=72032]
  0x0000019f30190170 ConcurrentGCThread "G1 Service" [stack: 0x0000003d67800000,0x0000003d67900000] [id=71700]

Threads with active compile tasks:
C2 CompilerThread0  2275047 16270   !   4       org.gradle.internal.event.DefaultListenerManager::getBroadcasterInternal (155 bytes)

VM state: not at safepoint (normal execution)

VM Mutex/Monitor currently owned by a thread: None

Heap address: 0x00000000e0000000, size: 512 MB, Compressed Oops mode: 32-bit

CDS archive(s) not mapped
Compressed class space mapped at: 0x0000000100000000-0x0000000114000000, reserved size: 335544320
Narrow klass base: 0x0000000000000000, Narrow klass shift: 3, Narrow klass range: 0x114000000

GC Precious Log:
 CPUs: 8 total, 8 available
 Memory: 16256M
 Large Page Support: Disabled
 NUMA Support: Disabled
 Compressed Oops: Enabled (32-bit)
 Heap Region Size: 1M
 Heap Min Capacity: 256M
 Heap Initial Capacity: 256M
 Heap Max Capacity: 512M
 Pre-touch: Disabled
 Parallel Workers: 8
 Concurrent Workers: 2
 Concurrent Refinement Workers: 8
 Periodic GC: Disabled

Heap:
 garbage-first heap   total 262144K, used 101376K [0x00000000e0000000, 0x0000000100000000)
  region size 1024K, 39 young (39936K), 10 survivors (10240K)
 Metaspace       used 81568K, committed 82752K, reserved 458752K
  class space    used 10770K, committed 11328K, reserved 327680K

Heap Regions: E=young(eden), S=young(survivor), O=old, HS=humongous(starts), HC=humongous(continues), CS=collection set, F=free, OA=open archive, CA=closed archive, TAMS=top-at-mark-start (previous, next)
|   0|0x00000000e0000000, 0x00000000e0100000, 0x00000000e0100000|100%|HS|  |TAMS 0x00000000e0100000, 0x00000000e0000000| Complete 
|   1|0x00000000e0100000, 0x00000000e0200000, 0x00000000e0200000|100%|HC|  |TAMS 0x00000000e0200000, 0x00000000e0100000| Complete 
|   2|0x00000000e0200000, 0x00000000e0300000, 0x00000000e0300000|100%|HC|  |TAMS 0x00000000e0300000, 0x00000000e0200000| Complete 
|   3|0x00000000e0300000, 0x00000000e0400000, 0x00000000e0400000|100%|HC|  |TAMS 0x00000000e0400000, 0x00000000e0300000| Complete 
|   4|0x00000000e0400000, 0x00000000e0500000, 0x00000000e0500000|100%| O|  |TAMS 0x00000000e0400000, 0x00000000e0400000| Untracked 
|   5|0x00000000e0500000, 0x00000000e0600000, 0x00000000e0600000|100%| O|  |TAMS 0x00000000e0600000, 0x00000000e0500000| Untracked 
|   6|0x00000000e0600000, 0x00000000e0700000, 0x00000000e0700000|100%| O|  |TAMS 0x00000000e0700000, 0x00000000e0600000| Untracked 
|   7|0x00000000e0700000, 0x00000000e0800000, 0x00000000e0800000|100%| O|  |TAMS 0x00000000e0800000, 0x00000000e0700000| Untracked 
|   8|0x00000000e0800000, 0x00000000e0900000, 0x00000000e0900000|100%| O|  |TAMS 0x00000000e0900000, 0x00000000e0800000| Untracked 
|   9|0x00000000e0900000, 0x00000000e0a00000, 0x00000000e0a00000|100%| O|  |TAMS 0x00000000e0a00000, 0x00000000e0900000| Untracked 
|  10|0x00000000e0a00000, 0x00000000e0b00000, 0x00000000e0b00000|100%| O|  |TAMS 0x00000000e0b00000, 0x00000000e0a00000| Untracked 
|  11|0x00000000e0b00000, 0x00000000e0c00000, 0x00000000e0c00000|100%| O|  |TAMS 0x00000000e0c00000, 0x00000000e0b00000| Untracked 
|  12|0x00000000e0c00000, 0x00000000e0d00000, 0x00000000e0d00000|100%| O|  |TAMS 0x00000000e0d00000, 0x00000000e0c00000| Untracked 
|  13|0x00000000e0d00000, 0x00000000e0e00000, 0x00000000e0e00000|100%| O|  |TAMS 0x00000000e0e00000, 0x00000000e0d00000| Untracked 
|  14|0x00000000e0e00000, 0x00000000e0f00000, 0x00000000e0f00000|100%| O|  |TAMS 0x00000000e0f00000, 0x00000000e0e00000| Untracked 
|  15|0x00000000e0f00000, 0x00000000e1000000, 0x00000000e1000000|100%| O|  |TAMS 0x00000000e1000000, 0x00000000e0f00000| Untracked 
|  16|0x00000000e1000000, 0x00000000e1100000, 0x00000000e1100000|100%| O|  |TAMS 0x00000000e1100000, 0x00000000e1000000| Untracked 
|  17|0x00000000e1100000, 0x00000000e1200000, 0x00000000e1200000|100%| O|  |TAMS 0x00000000e1200000, 0x00000000e1100000| Untracked 
|  18|0x00000000e1200000, 0x00000000e1300000, 0x00000000e1300000|100%| O|  |TAMS 0x00000000e1300000, 0x00000000e1200000| Untracked 
|  19|0x00000000e1300000, 0x00000000e1400000, 0x00000000e1400000|100%| O|  |TAMS 0x00000000e1400000, 0x00000000e1300000| Untracked 
|  20|0x00000000e1400000, 0x00000000e1500000, 0x00000000e1500000|100%| O|  |TAMS 0x00000000e1500000, 0x00000000e1400000| Untracked 
|  21|0x00000000e1500000, 0x00000000e1600000, 0x00000000e1600000|100%| O|  |TAMS 0x00000000e1600000, 0x00000000e1500000| Untracked 
|  22|0x00000000e1600000, 0x00000000e1700000, 0x00000000e1700000|100%| O|  |TAMS 0x00000000e167de00, 0x00000000e1600000| Untracked 
|  23|0x00000000e1700000, 0x00000000e1800000, 0x00000000e1800000|100%| O|  |TAMS 0x00000000e1700000, 0x00000000e1700000| Untracked 
|  24|0x00000000e1800000, 0x00000000e1900000, 0x00000000e1900000|100%| O|  |TAMS 0x00000000e1800000, 0x00000000e1800000| Untracked 
|  25|0x00000000e1900000, 0x00000000e1a00000, 0x00000000e1a00000|100%| O|  |TAMS 0x00000000e1900000, 0x00000000e1900000| Untracked 
|  26|0x00000000e1a00000, 0x00000000e1b00000, 0x00000000e1b00000|100%| O|  |TAMS 0x00000000e1a00000, 0x00000000e1a00000| Untracked 
|  27|0x00000000e1b00000, 0x00000000e1c00000, 0x00000000e1c00000|100%| O|  |TAMS 0x00000000e1b00000, 0x00000000e1b00000| Untracked 
|  28|0x00000000e1c00000, 0x00000000e1d00000, 0x00000000e1d00000|100%| O|  |TAMS 0x00000000e1c00000, 0x00000000e1c00000| Untracked 
|  29|0x00000000e1d00000, 0x00000000e1e00000, 0x00000000e1e00000|100%| O|  |TAMS 0x00000000e1d00000, 0x00000000e1d00000| Untracked 
|  30|0x00000000e1e00000, 0x00000000e1f00000, 0x00000000e1f00000|100%| O|  |TAMS 0x00000000e1e00000, 0x00000000e1e00000| Untracked 
|  31|0x00000000e1f00000, 0x00000000e2000000, 0x00000000e2000000|100%| O|  |TAMS 0x00000000e1f00000, 0x00000000e1f00000| Untracked 
|  32|0x00000000e2000000, 0x00000000e2100000, 0x00000000e2100000|100%| O|  |TAMS 0x00000000e2000000, 0x00000000e2000000| Untracked 
|  33|0x00000000e2100000, 0x00000000e2200000, 0x00000000e2200000|100%| O|  |TAMS 0x00000000e2100000, 0x00000000e2100000| Untracked 
|  34|0x00000000e2200000, 0x00000000e2300000, 0x00000000e2300000|100%| O|  |TAMS 0x00000000e2200000, 0x00000000e2200000| Untracked 
|  35|0x00000000e2300000, 0x00000000e2400000, 0x00000000e2400000|100%| O|  |TAMS 0x00000000e2300000, 0x00000000e2300000| Untracked 
|  36|0x00000000e2400000, 0x00000000e2500000, 0x00000000e2500000|100%| O|  |TAMS 0x00000000e2400000, 0x00000000e2400000| Untracked 
|  37|0x00000000e2500000, 0x00000000e2600000, 0x00000000e2600000|100%| O|  |TAMS 0x00000000e2500000, 0x00000000e2500000| Untracked 
|  38|0x00000000e2600000, 0x00000000e2700000, 0x00000000e2700000|100%| O|  |TAMS 0x00000000e2600000, 0x00000000e2600000| Untracked 
|  39|0x00000000e2700000, 0x00000000e2800000, 0x00000000e2800000|100%| O|  |TAMS 0x00000000e2700000, 0x00000000e2700000| Untracked 
|  40|0x00000000e2800000, 0x00000000e2900000, 0x00000000e2900000|100%| O|  |TAMS 0x00000000e2800000, 0x00000000e2800000| Untracked 
|  41|0x00000000e2900000, 0x00000000e2a00000, 0x00000000e2a00000|100%| O|  |TAMS 0x00000000e2900000, 0x00000000e2900000| Untracked 
|  42|0x00000000e2a00000, 0x00000000e2b00000, 0x00000000e2b00000|100%| O|  |TAMS 0x00000000e2a00000, 0x00000000e2a00000| Untracked 
|  43|0x00000000e2b00000, 0x00000000e2c00000, 0x00000000e2c00000|100%| O|  |TAMS 0x00000000e2b00000, 0x00000000e2b00000| Untracked 
|  44|0x00000000e2c00000, 0x00000000e2d00000, 0x00000000e2d00000|100%| O|  |TAMS 0x00000000e2c00000, 0x00000000e2c00000| Untracked 
|  45|0x00000000e2d00000, 0x00000000e2e00000, 0x00000000e2e00000|100%| O|  |TAMS 0x00000000e2d00000, 0x00000000e2d00000| Untracked 
|  46|0x00000000e2e00000, 0x00000000e2f00000, 0x00000000e2f00000|100%| O|  |TAMS 0x00000000e2e00000, 0x00000000e2e00000| Untracked 
|  47|0x00000000e2f00000, 0x00000000e3000000, 0x00000000e3000000|100%| O|  |TAMS 0x00000000e2f00000, 0x00000000e2f00000| Untracked 
|  48|0x00000000e3000000, 0x00000000e3100000, 0x00000000e3100000|100%| O|  |TAMS 0x00000000e3000000, 0x00000000e3000000| Untracked 
|  49|0x00000000e3100000, 0x00000000e3200000, 0x00000000e3200000|100%| O|  |TAMS 0x00000000e3100000, 0x00000000e3100000| Untracked 
|  50|0x00000000e3200000, 0x00000000e3300000, 0x00000000e3300000|100%| O|  |TAMS 0x00000000e3200000, 0x00000000e3200000| Untracked 
|  51|0x00000000e3300000, 0x00000000e3400000, 0x00000000e3400000|100%| O|  |TAMS 0x00000000e3300000, 0x00000000e3300000| Untracked 
|  52|0x00000000e3400000, 0x00000000e3500000, 0x00000000e3500000|100%| O|  |TAMS 0x00000000e3400000, 0x00000000e3400000| Untracked 
|  53|0x00000000e3500000, 0x00000000e3600000, 0x00000000e3600000|100%| O|  |TAMS 0x00000000e3500000, 0x00000000e3500000| Untracked 
|  54|0x00000000e3600000, 0x00000000e3700000, 0x00000000e3700000|100%| O|  |TAMS 0x00000000e3600000, 0x00000000e3600000| Untracked 
|  55|0x00000000e3700000, 0x00000000e3800000, 0x00000000e3800000|100%| O|  |TAMS 0x00000000e3700000, 0x00000000e3700000| Untracked 
|  56|0x00000000e3800000, 0x00000000e3900000, 0x00000000e3900000|100%| O|  |TAMS 0x00000000e3800000, 0x00000000e3800000| Untracked 
|  57|0x00000000e3900000, 0x00000000e3a00000, 0x00000000e3a00000|100%| O|  |TAMS 0x00000000e3900000, 0x00000000e3900000| Untracked 
|  58|0x00000000e3a00000, 0x00000000e3b00000, 0x00000000e3b00000|100%| O|  |TAMS 0x00000000e3a00000, 0x00000000e3a00000| Untracked 
|  59|0x00000000e3b00000, 0x00000000e3c00000, 0x00000000e3c00000|100%| O|  |TAMS 0x00000000e3b00000, 0x00000000e3b00000| Untracked 
|  60|0x00000000e3c00000, 0x00000000e3d00000, 0x00000000e3d00000|100%| O|  |TAMS 0x00000000e3c00000, 0x00000000e3c00000| Untracked 
|  61|0x00000000e3d00000, 0x00000000e3e00000, 0x00000000e3e00000|100%| O|  |TAMS 0x00000000e3d00000, 0x00000000e3d00000| Untracked 
|  62|0x00000000e3e00000, 0x00000000e3e00000, 0x00000000e3f00000|  0%| F|  |TAMS 0x00000000e3e00000, 0x00000000e3e00000| Untracked 
|  63|0x00000000e3f00000, 0x00000000e3f00000, 0x00000000e4000000|  0%| F|  |TAMS 0x00000000e3f00000, 0x00000000e3f00000| Untracked 
|  64|0x00000000e4000000, 0x00000000e4000000, 0x00000000e4100000|  0%| F|  |TAMS 0x00000000e4000000, 0x00000000e4000000| Untracked 
|  65|0x00000000e4100000, 0x00000000e4100000, 0x00000000e4200000|  0%| F|  |TAMS 0x00000000e4100000, 0x00000000e4100000| Untracked 
|  66|0x00000000e4200000, 0x00000000e4200000, 0x00000000e4300000|  0%| F|  |TAMS 0x00000000e4200000, 0x00000000e4200000| Untracked 
|  67|0x00000000e4300000, 0x00000000e4300000, 0x00000000e4400000|  0%| F|  |TAMS 0x00000000e4300000, 0x00000000e4300000| Untracked 
|  68|0x00000000e4400000, 0x00000000e4400000, 0x00000000e4500000|  0%| F|  |TAMS 0x00000000e4400000, 0x00000000e4400000| Untracked 
|  69|0x00000000e4500000, 0x00000000e4500000, 0x00000000e4600000|  0%| F|  |TAMS 0x00000000e4500000, 0x00000000e4500000| Untracked 
|  70|0x00000000e4600000, 0x00000000e4600000, 0x00000000e4700000|  0%| F|  |TAMS 0x00000000e4600000, 0x00000000e4600000| Untracked 
|  71|0x00000000e4700000, 0x00000000e4700000, 0x00000000e4800000|  0%| F|  |TAMS 0x00000000e4700000, 0x00000000e4700000| Untracked 
|  72|0x00000000e4800000, 0x00000000e4800000, 0x00000000e4900000|  0%| F|  |TAMS 0x00000000e4800000, 0x00000000e4800000| Untracked 
|  73|0x00000000e4900000, 0x00000000e4900000, 0x00000000e4a00000|  0%| F|  |TAMS 0x00000000e4900000, 0x00000000e4900000| Untracked 
|  74|0x00000000e4a00000, 0x00000000e4a00000, 0x00000000e4b00000|  0%| F|  |TAMS 0x00000000e4a00000, 0x00000000e4a00000| Untracked 
|  75|0x00000000e4b00000, 0x00000000e4b00000, 0x00000000e4c00000|  0%| F|  |TAMS 0x00000000e4b00000, 0x00000000e4b00000| Untracked 
|  76|0x00000000e4c00000, 0x00000000e4c00000, 0x00000000e4d00000|  0%| F|  |TAMS 0x00000000e4c00000, 0x00000000e4c00000| Untracked 
|  77|0x00000000e4d00000, 0x00000000e4d00000, 0x00000000e4e00000|  0%| F|  |TAMS 0x00000000e4d00000, 0x00000000e4d00000| Untracked 
|  78|0x00000000e4e00000, 0x00000000e4e00000, 0x00000000e4f00000|  0%| F|  |TAMS 0x00000000e4e00000, 0x00000000e4e00000| Untracked 
|  79|0x00000000e4f00000, 0x00000000e4f00000, 0x00000000e5000000|  0%| F|  |TAMS 0x00000000e4f00000, 0x00000000e4f00000| Untracked 
|  80|0x00000000e5000000, 0x00000000e5000000, 0x00000000e5100000|  0%| F|  |TAMS 0x00000000e5000000, 0x00000000e5000000| Untracked 
|  81|0x00000000e5100000, 0x00000000e5100000, 0x00000000e5200000|  0%| F|  |TAMS 0x00000000e5100000, 0x00000000e5100000| Untracked 
|  82|0x00000000e5200000, 0x00000000e5200000, 0x00000000e5300000|  0%| F|  |TAMS 0x00000000e5200000, 0x00000000e5200000| Untracked 
|  83|0x00000000e5300000, 0x00000000e5300000, 0x00000000e5400000|  0%| F|  |TAMS 0x00000000e5300000, 0x00000000e5300000| Untracked 
|  84|0x00000000e5400000, 0x00000000e5400000, 0x00000000e5500000|  0%| F|  |TAMS 0x00000000e5400000, 0x00000000e5400000| Untracked 
|  85|0x00000000e5500000, 0x00000000e5500000, 0x00000000e5600000|  0%| F|  |TAMS 0x00000000e5500000, 0x00000000e5500000| Untracked 
|  86|0x00000000e5600000, 0x00000000e5600000, 0x00000000e5700000|  0%| F|  |TAMS 0x00000000e5600000, 0x00000000e5600000| Untracked 
|  87|0x00000000e5700000, 0x00000000e5700000, 0x00000000e5800000|  0%| F|  |TAMS 0x00000000e5700000, 0x00000000e5700000| Untracked 
|  88|0x00000000e5800000, 0x00000000e5800000, 0x00000000e5900000|  0%| F|  |TAMS 0x00000000e5800000, 0x00000000e5800000| Untracked 
|  89|0x00000000e5900000, 0x00000000e5900000, 0x00000000e5a00000|  0%| F|  |TAMS 0x00000000e5900000, 0x00000000e5900000| Untracked 
|  90|0x00000000e5a00000, 0x00000000e5a00000, 0x00000000e5b00000|  0%| F|  |TAMS 0x00000000e5a00000, 0x00000000e5a00000| Untracked 
|  91|0x00000000e5b00000, 0x00000000e5b00000, 0x00000000e5c00000|  0%| F|  |TAMS 0x00000000e5b00000, 0x00000000e5b00000| Untracked 
|  92|0x00000000e5c00000, 0x00000000e5c00000, 0x00000000e5d00000|  0%| F|  |TAMS 0x00000000e5c00000, 0x00000000e5c00000| Untracked 
|  93|0x00000000e5d00000, 0x00000000e5d00000, 0x00000000e5e00000|  0%| F|  |TAMS 0x00000000e5d00000, 0x00000000e5d00000| Untracked 
|  94|0x00000000e5e00000, 0x00000000e5e00000, 0x00000000e5f00000|  0%| F|  |TAMS 0x00000000e5e00000, 0x00000000e5e00000| Untracked 
|  95|0x00000000e5f00000, 0x00000000e5f00000, 0x00000000e6000000|  0%| F|  |TAMS 0x00000000e5f00000, 0x00000000e5f00000| Untracked 
|  96|0x00000000e6000000, 0x00000000e6000000, 0x00000000e6100000|  0%| F|  |TAMS 0x00000000e6000000, 0x00000000e6000000| Untracked 
|  97|0x00000000e6100000, 0x00000000e6100000, 0x00000000e6200000|  0%| F|  |TAMS 0x00000000e6100000, 0x00000000e6100000| Untracked 
|  98|0x00000000e6200000, 0x00000000e6200000, 0x00000000e6300000|  0%| F|  |TAMS 0x00000000e6200000, 0x00000000e6200000| Untracked 
|  99|0x00000000e6300000, 0x00000000e6300000, 0x00000000e6400000|  0%| F|  |TAMS 0x00000000e6300000, 0x00000000e6300000| Untracked 
| 100|0x00000000e6400000, 0x00000000e6500000, 0x00000000e6500000|100%| S|CS|TAMS 0x00000000e6400000, 0x00000000e6400000| Complete 
| 101|0x00000000e6500000, 0x00000000e6600000, 0x00000000e6600000|100%| S|CS|TAMS 0x00000000e6500000, 0x00000000e6500000| Complete 
| 102|0x00000000e6600000, 0x00000000e6700000, 0x00000000e6700000|100%| S|CS|TAMS 0x00000000e6600000, 0x00000000e6600000| Complete 
| 103|0x00000000e6700000, 0x00000000e6700000, 0x00000000e6800000|  0%| F|  |TAMS 0x00000000e6700000, 0x00000000e6700000| Untracked 
| 104|0x00000000e6800000, 0x00000000e6800000, 0x00000000e6900000|  0%| F|  |TAMS 0x00000000e6800000, 0x00000000e6800000| Untracked 
| 105|0x00000000e6900000, 0x00000000e6900000, 0x00000000e6a00000|  0%| F|  |TAMS 0x00000000e6900000, 0x00000000e6900000| Untracked 
| 106|0x00000000e6a00000, 0x00000000e6a00000, 0x00000000e6b00000|  0%| F|  |TAMS 0x00000000e6a00000, 0x00000000e6a00000| Untracked 
| 107|0x00000000e6b00000, 0x00000000e6b00000, 0x00000000e6c00000|  0%| F|  |TAMS 0x00000000e6b00000, 0x00000000e6b00000| Untracked 
| 108|0x00000000e6c00000, 0x00000000e6d00000, 0x00000000e6d00000|100%| S|CS|TAMS 0x00000000e6c00000, 0x00000000e6c00000| Complete 
| 109|0x00000000e6d00000, 0x00000000e6e00000, 0x00000000e6e00000|100%| S|CS|TAMS 0x00000000e6d00000, 0x00000000e6d00000| Complete 
| 110|0x00000000e6e00000, 0x00000000e6f00000, 0x00000000e6f00000|100%| S|CS|TAMS 0x00000000e6e00000, 0x00000000e6e00000| Complete 
| 111|0x00000000e6f00000, 0x00000000e6f00000, 0x00000000e7000000|  0%| F|  |TAMS 0x00000000e6f00000, 0x00000000e6f00000| Untracked 
| 112|0x00000000e7000000, 0x00000000e7000000, 0x00000000e7100000|  0%| F|  |TAMS 0x00000000e7000000, 0x00000000e7000000| Untracked 
| 113|0x00000000e7100000, 0x00000000e7100000, 0x00000000e7200000|  0%| F|  |TAMS 0x00000000e7100000, 0x00000000e7100000| Untracked 
| 114|0x00000000e7200000, 0x00000000e7300000, 0x00000000e7300000|100%| S|CS|TAMS 0x00000000e7200000, 0x00000000e7200000| Complete 
| 115|0x00000000e7300000, 0x00000000e7400000, 0x00000000e7400000|100%| S|CS|TAMS 0x00000000e7300000, 0x00000000e7300000| Complete 
| 116|0x00000000e7400000, 0x00000000e7500000, 0x00000000e7500000|100%| S|CS|TAMS 0x00000000e7400000, 0x00000000e7400000| Complete 
| 117|0x00000000e7500000, 0x00000000e7600000, 0x00000000e7600000|100%| S|CS|TAMS 0x00000000e7500000, 0x00000000e7500000| Complete 
| 118|0x00000000e7600000, 0x00000000e7600000, 0x00000000e7700000|  0%| F|  |TAMS 0x00000000e7600000, 0x00000000e7600000| Untracked 
| 119|0x00000000e7700000, 0x00000000e7700000, 0x00000000e7800000|  0%| F|  |TAMS 0x00000000e7700000, 0x00000000e7700000| Untracked 
| 120|0x00000000e7800000, 0x00000000e7800000, 0x00000000e7900000|  0%| F|  |TAMS 0x00000000e7800000, 0x00000000e7800000| Untracked 
| 121|0x00000000e7900000, 0x00000000e7900000, 0x00000000e7a00000|  0%| F|  |TAMS 0x00000000e7900000, 0x00000000e7900000| Untracked 
| 122|0x00000000e7a00000, 0x00000000e7a00000, 0x00000000e7b00000|  0%| F|  |TAMS 0x00000000e7a00000, 0x00000000e7a00000| Untracked 
| 123|0x00000000e7b00000, 0x00000000e7b00000, 0x00000000e7c00000|  0%| F|  |TAMS 0x00000000e7b00000, 0x00000000e7b00000| Untracked 
| 124|0x00000000e7c00000, 0x00000000e7c00000, 0x00000000e7d00000|  0%| F|  |TAMS 0x00000000e7c00000, 0x00000000e7c00000| Untracked 
| 125|0x00000000e7d00000, 0x00000000e7d00000, 0x00000000e7e00000|  0%| F|  |TAMS 0x00000000e7d00000, 0x00000000e7d00000| Untracked 
| 126|0x00000000e7e00000, 0x00000000e7e00000, 0x00000000e7f00000|  0%| F|  |TAMS 0x00000000e7e00000, 0x00000000e7e00000| Untracked 
| 127|0x00000000e7f00000, 0x00000000e7f00000, 0x00000000e8000000|  0%| F|  |TAMS 0x00000000e7f00000, 0x00000000e7f00000| Untracked 
| 128|0x00000000e8000000, 0x00000000e8000000, 0x00000000e8100000|  0%| F|  |TAMS 0x00000000e8000000, 0x00000000e8000000| Untracked 
| 129|0x00000000e8100000, 0x00000000e8100000, 0x00000000e8200000|  0%| F|  |TAMS 0x00000000e8100000, 0x00000000e8100000| Untracked 
| 130|0x00000000e8200000, 0x00000000e8200000, 0x00000000e8300000|  0%| F|  |TAMS 0x00000000e8200000, 0x00000000e8200000| Untracked 
| 131|0x00000000e8300000, 0x00000000e8300000, 0x00000000e8400000|  0%| F|  |TAMS 0x00000000e8300000, 0x00000000e8300000| Untracked 
| 132|0x00000000e8400000, 0x00000000e8400000, 0x00000000e8500000|  0%| F|  |TAMS 0x00000000e8400000, 0x00000000e8400000| Untracked 
| 133|0x00000000e8500000, 0x00000000e8500000, 0x00000000e8600000|  0%| F|  |TAMS 0x00000000e8500000, 0x00000000e8500000| Untracked 
| 134|0x00000000e8600000, 0x00000000e8600000, 0x00000000e8700000|  0%| F|  |TAMS 0x00000000e8600000, 0x00000000e8600000| Untracked 
| 135|0x00000000e8700000, 0x00000000e8700000, 0x00000000e8800000|  0%| F|  |TAMS 0x00000000e8700000, 0x00000000e8700000| Untracked 
| 136|0x00000000e8800000, 0x00000000e8800000, 0x00000000e8900000|  0%| F|  |TAMS 0x00000000e8800000, 0x00000000e8800000| Untracked 
| 137|0x00000000e8900000, 0x00000000e8900000, 0x00000000e8a00000|  0%| F|  |TAMS 0x00000000e8900000, 0x00000000e8900000| Untracked 
| 138|0x00000000e8a00000, 0x00000000e8a00000, 0x00000000e8b00000|  0%| F|  |TAMS 0x00000000e8a00000, 0x00000000e8a00000| Untracked 
| 139|0x00000000e8b00000, 0x00000000e8b00000, 0x00000000e8c00000|  0%| F|  |TAMS 0x00000000e8b00000, 0x00000000e8b00000| Untracked 
| 140|0x00000000e8c00000, 0x00000000e8c00000, 0x00000000e8d00000|  0%| F|  |TAMS 0x00000000e8c00000, 0x00000000e8c00000| Untracked 
| 141|0x00000000e8d00000, 0x00000000e8d00000, 0x00000000e8e00000|  0%| F|  |TAMS 0x00000000e8d00000, 0x00000000e8d00000| Untracked 
| 142|0x00000000e8e00000, 0x00000000e8e00000, 0x00000000e8f00000|  0%| F|  |TAMS 0x00000000e8e00000, 0x00000000e8e00000| Untracked 
| 143|0x00000000e8f00000, 0x00000000e8f00000, 0x00000000e9000000|  0%| F|  |TAMS 0x00000000e8f00000, 0x00000000e8f00000| Untracked 
| 144|0x00000000e9000000, 0x00000000e9000000, 0x00000000e9100000|  0%| F|  |TAMS 0x00000000e9000000, 0x00000000e9000000| Untracked 
| 145|0x00000000e9100000, 0x00000000e9100000, 0x00000000e9200000|  0%| F|  |TAMS 0x00000000e9100000, 0x00000000e9100000| Untracked 
| 146|0x00000000e9200000, 0x00000000e9200000, 0x00000000e9300000|  0%| F|  |TAMS 0x00000000e9200000, 0x00000000e9200000| Untracked 
| 147|0x00000000e9300000, 0x00000000e9300000, 0x00000000e9400000|  0%| F|  |TAMS 0x00000000e9300000, 0x00000000e9300000| Untracked 
| 148|0x00000000e9400000, 0x00000000e9400000, 0x00000000e9500000|  0%| F|  |TAMS 0x00000000e9400000, 0x00000000e9400000| Untracked 
| 149|0x00000000e9500000, 0x00000000e9500000, 0x00000000e9600000|  0%| F|  |TAMS 0x00000000e9500000, 0x00000000e9500000| Untracked 
| 150|0x00000000e9600000, 0x00000000e9600000, 0x00000000e9700000|  0%| F|  |TAMS 0x00000000e9600000, 0x00000000e9600000| Untracked 
| 151|0x00000000e9700000, 0x00000000e9700000, 0x00000000e9800000|  0%| F|  |TAMS 0x00000000e9700000, 0x00000000e9700000| Untracked 
| 152|0x00000000e9800000, 0x00000000e9800000, 0x00000000e9900000|  0%| F|  |TAMS 0x00000000e9800000, 0x00000000e9800000| Untracked 
| 153|0x00000000e9900000, 0x00000000e9900000, 0x00000000e9a00000|  0%| F|  |TAMS 0x00000000e9900000, 0x00000000e9900000| Untracked 
| 154|0x00000000e9a00000, 0x00000000e9a00000, 0x00000000e9b00000|  0%| F|  |TAMS 0x00000000e9a00000, 0x00000000e9a00000| Untracked 
| 155|0x00000000e9b00000, 0x00000000e9b00000, 0x00000000e9c00000|  0%| F|  |TAMS 0x00000000e9b00000, 0x00000000e9b00000| Untracked 
| 156|0x00000000e9c00000, 0x00000000e9c00000, 0x00000000e9d00000|  0%| F|  |TAMS 0x00000000e9c00000, 0x00000000e9c00000| Untracked 
| 157|0x00000000e9d00000, 0x00000000e9d00000, 0x00000000e9e00000|  0%| F|  |TAMS 0x00000000e9d00000, 0x00000000e9d00000| Untracked 
| 158|0x00000000e9e00000, 0x00000000e9e00000, 0x00000000e9f00000|  0%| F|  |TAMS 0x00000000e9e00000, 0x00000000e9e00000| Untracked 
| 159|0x00000000e9f00000, 0x00000000e9f00000, 0x00000000ea000000|  0%| F|  |TAMS 0x00000000e9f00000, 0x00000000e9f00000| Untracked 
| 160|0x00000000ea000000, 0x00000000ea000000, 0x00000000ea100000|  0%| F|  |TAMS 0x00000000ea000000, 0x00000000ea000000| Untracked 
| 161|0x00000000ea100000, 0x00000000ea100000, 0x00000000ea200000|  0%| F|  |TAMS 0x00000000ea100000, 0x00000000ea100000| Untracked 
| 162|0x00000000ea200000, 0x00000000ea200000, 0x00000000ea300000|  0%| F|  |TAMS 0x00000000ea200000, 0x00000000ea200000| Untracked 
| 163|0x00000000ea300000, 0x00000000ea300000, 0x00000000ea400000|  0%| F|  |TAMS 0x00000000ea300000, 0x00000000ea300000| Untracked 
| 164|0x00000000ea400000, 0x00000000ea400000, 0x00000000ea500000|  0%| F|  |TAMS 0x00000000ea400000, 0x00000000ea400000| Untracked 
| 165|0x00000000ea500000, 0x00000000ea500000, 0x00000000ea600000|  0%| F|  |TAMS 0x00000000ea500000, 0x00000000ea500000| Untracked 
| 166|0x00000000ea600000, 0x00000000ea600000, 0x00000000ea700000|  0%| F|  |TAMS 0x00000000ea600000, 0x00000000ea600000| Untracked 
| 167|0x00000000ea700000, 0x00000000ea700000, 0x00000000ea800000|  0%| F|  |TAMS 0x00000000ea700000, 0x00000000ea700000| Untracked 
| 168|0x00000000ea800000, 0x00000000ea800000, 0x00000000ea900000|  0%| F|  |TAMS 0x00000000ea800000, 0x00000000ea800000| Untracked 
| 169|0x00000000ea900000, 0x00000000ea900000, 0x00000000eaa00000|  0%| F|  |TAMS 0x00000000ea900000, 0x00000000ea900000| Untracked 
| 170|0x00000000eaa00000, 0x00000000eaa00000, 0x00000000eab00000|  0%| F|  |TAMS 0x00000000eaa00000, 0x00000000eaa00000| Untracked 
| 171|0x00000000eab00000, 0x00000000eab00000, 0x00000000eac00000|  0%| F|  |TAMS 0x00000000eab00000, 0x00000000eab00000| Untracked 
| 172|0x00000000eac00000, 0x00000000eac00000, 0x00000000ead00000|  0%| F|  |TAMS 0x00000000eac00000, 0x00000000eac00000| Untracked 
| 173|0x00000000ead00000, 0x00000000ead00000, 0x00000000eae00000|  0%| F|  |TAMS 0x00000000ead00000, 0x00000000ead00000| Untracked 
| 174|0x00000000eae00000, 0x00000000eae00000, 0x00000000eaf00000|  0%| F|  |TAMS 0x00000000eae00000, 0x00000000eae00000| Untracked 
| 175|0x00000000eaf00000, 0x00000000eaf00000, 0x00000000eb000000|  0%| F|  |TAMS 0x00000000eaf00000, 0x00000000eaf00000| Untracked 
| 176|0x00000000eb000000, 0x00000000eb000000, 0x00000000eb100000|  0%| F|  |TAMS 0x00000000eb000000, 0x00000000eb000000| Untracked 
| 177|0x00000000eb100000, 0x00000000eb100000, 0x00000000eb200000|  0%| F|  |TAMS 0x00000000eb100000, 0x00000000eb100000| Untracked 
| 178|0x00000000eb200000, 0x00000000eb200000, 0x00000000eb300000|  0%| F|  |TAMS 0x00000000eb200000, 0x00000000eb200000| Untracked 
| 179|0x00000000eb300000, 0x00000000eb300000, 0x00000000eb400000|  0%| F|  |TAMS 0x00000000eb300000, 0x00000000eb300000| Untracked 
| 180|0x00000000eb400000, 0x00000000eb400000, 0x00000000eb500000|  0%| F|  |TAMS 0x00000000eb400000, 0x00000000eb400000| Untracked 
| 181|0x00000000eb500000, 0x00000000eb500000, 0x00000000eb600000|  0%| F|  |TAMS 0x00000000eb500000, 0x00000000eb500000| Untracked 
| 182|0x00000000eb600000, 0x00000000eb600000, 0x00000000eb700000|  0%| F|  |TAMS 0x00000000eb600000, 0x00000000eb600000| Untracked 
| 183|0x00000000eb700000, 0x00000000eb700000, 0x00000000eb800000|  0%| F|  |TAMS 0x00000000eb700000, 0x00000000eb700000| Untracked 
| 184|0x00000000eb800000, 0x00000000eb800000, 0x00000000eb900000|  0%| F|  |TAMS 0x00000000eb800000, 0x00000000eb800000| Untracked 
| 185|0x00000000eb900000, 0x00000000eb900000, 0x00000000eba00000|  0%| F|  |TAMS 0x00000000eb900000, 0x00000000eb900000| Untracked 
| 186|0x00000000eba00000, 0x00000000eba00000, 0x00000000ebb00000|  0%| F|  |TAMS 0x00000000eba00000, 0x00000000eba00000| Untracked 
| 187|0x00000000ebb00000, 0x00000000ebb00000, 0x00000000ebc00000|  0%| F|  |TAMS 0x00000000ebb00000, 0x00000000ebb00000| Untracked 
| 188|0x00000000ebc00000, 0x00000000ebc00000, 0x00000000ebd00000|  0%| F|  |TAMS 0x00000000ebc00000, 0x00000000ebc00000| Untracked 
| 189|0x00000000ebd00000, 0x00000000ebd00000, 0x00000000ebe00000|  0%| F|  |TAMS 0x00000000ebd00000, 0x00000000ebd00000| Untracked 
| 190|0x00000000ebe00000, 0x00000000ebe00000, 0x00000000ebf00000|  0%| F|  |TAMS 0x00000000ebe00000, 0x00000000ebe00000| Untracked 
| 191|0x00000000ebf00000, 0x00000000ebf00000, 0x00000000ec000000|  0%| F|  |TAMS 0x00000000ebf00000, 0x00000000ebf00000| Untracked 
| 192|0x00000000ec000000, 0x00000000ec000000, 0x00000000ec100000|  0%| F|  |TAMS 0x00000000ec000000, 0x00000000ec000000| Untracked 
| 193|0x00000000ec100000, 0x00000000ec100000, 0x00000000ec200000|  0%| F|  |TAMS 0x00000000ec100000, 0x00000000ec100000| Untracked 
| 194|0x00000000ec200000, 0x00000000ec200000, 0x00000000ec300000|  0%| F|  |TAMS 0x00000000ec200000, 0x00000000ec200000| Untracked 
| 195|0x00000000ec300000, 0x00000000ec300000, 0x00000000ec400000|  0%| F|  |TAMS 0x00000000ec300000, 0x00000000ec300000| Untracked 
| 196|0x00000000ec400000, 0x00000000ec400000, 0x00000000ec500000|  0%| F|  |TAMS 0x00000000ec400000, 0x00000000ec400000| Untracked 
| 197|0x00000000ec500000, 0x00000000ec500000, 0x00000000ec600000|  0%| F|  |TAMS 0x00000000ec500000, 0x00000000ec500000| Untracked 
| 198|0x00000000ec600000, 0x00000000ec600000, 0x00000000ec700000|  0%| F|  |TAMS 0x00000000ec600000, 0x00000000ec600000| Untracked 
| 199|0x00000000ec700000, 0x00000000ec700000, 0x00000000ec800000|  0%| F|  |TAMS 0x00000000ec700000, 0x00000000ec700000| Untracked 
| 200|0x00000000ec800000, 0x00000000ec800000, 0x00000000ec900000|  0%| F|  |TAMS 0x00000000ec800000, 0x00000000ec800000| Untracked 
| 201|0x00000000ec900000, 0x00000000ec900000, 0x00000000eca00000|  0%| F|  |TAMS 0x00000000ec900000, 0x00000000ec900000| Untracked 
| 202|0x00000000eca00000, 0x00000000eca00000, 0x00000000ecb00000|  0%| F|  |TAMS 0x00000000eca00000, 0x00000000eca00000| Untracked 
| 203|0x00000000ecb00000, 0x00000000ecb00000, 0x00000000ecc00000|  0%| F|  |TAMS 0x00000000ecb00000, 0x00000000ecb00000| Untracked 
| 204|0x00000000ecc00000, 0x00000000ecc00000, 0x00000000ecd00000|  0%| F|  |TAMS 0x00000000ecc00000, 0x00000000ecc00000| Untracked 
| 205|0x00000000ecd00000, 0x00000000ecd00000, 0x00000000ece00000|  0%| F|  |TAMS 0x00000000ecd00000, 0x00000000ecd00000| Untracked 
| 206|0x00000000ece00000, 0x00000000ece00000, 0x00000000ecf00000|  0%| F|  |TAMS 0x00000000ece00000, 0x00000000ece00000| Untracked 
| 207|0x00000000ecf00000, 0x00000000ecf00000, 0x00000000ed000000|  0%| F|  |TAMS 0x00000000ecf00000, 0x00000000ecf00000| Untracked 
| 208|0x00000000ed000000, 0x00000000ed000000, 0x00000000ed100000|  0%| F|  |TAMS 0x00000000ed000000, 0x00000000ed000000| Untracked 
| 209|0x00000000ed100000, 0x00000000ed100000, 0x00000000ed200000|  0%| F|  |TAMS 0x00000000ed100000, 0x00000000ed100000| Untracked 
| 210|0x00000000ed200000, 0x00000000ed200000, 0x00000000ed300000|  0%| F|  |TAMS 0x00000000ed200000, 0x00000000ed200000| Untracked 
| 211|0x00000000ed300000, 0x00000000ed300000, 0x00000000ed400000|  0%| F|  |TAMS 0x00000000ed300000, 0x00000000ed300000| Untracked 
| 212|0x00000000ed400000, 0x00000000ed400000, 0x00000000ed500000|  0%| F|  |TAMS 0x00000000ed400000, 0x00000000ed400000| Untracked 
| 213|0x00000000ed500000, 0x00000000ed500000, 0x00000000ed600000|  0%| F|  |TAMS 0x00000000ed500000, 0x00000000ed500000| Untracked 
| 214|0x00000000ed600000, 0x00000000ed600000, 0x00000000ed700000|  0%| F|  |TAMS 0x00000000ed600000, 0x00000000ed600000| Untracked 
| 215|0x00000000ed700000, 0x00000000ed700000, 0x00000000ed800000|  0%| F|  |TAMS 0x00000000ed700000, 0x00000000ed700000| Untracked 
| 216|0x00000000ed800000, 0x00000000ed800000, 0x00000000ed900000|  0%| F|  |TAMS 0x00000000ed800000, 0x00000000ed800000| Untracked 
| 217|0x00000000ed900000, 0x00000000ed900000, 0x00000000eda00000|  0%| F|  |TAMS 0x00000000ed900000, 0x00000000ed900000| Untracked 
| 218|0x00000000eda00000, 0x00000000eda00000, 0x00000000edb00000|  0%| F|  |TAMS 0x00000000eda00000, 0x00000000eda00000| Untracked 
| 219|0x00000000edb00000, 0x00000000edb00000, 0x00000000edc00000|  0%| F|  |TAMS 0x00000000edb00000, 0x00000000edb00000| Untracked 
| 220|0x00000000edc00000, 0x00000000edc00000, 0x00000000edd00000|  0%| F|  |TAMS 0x00000000edc00000, 0x00000000edc00000| Untracked 
| 221|0x00000000edd00000, 0x00000000edd00000, 0x00000000ede00000|  0%| F|  |TAMS 0x00000000edd00000, 0x00000000edd00000| Untracked 
| 222|0x00000000ede00000, 0x00000000ede00000, 0x00000000edf00000|  0%| F|  |TAMS 0x00000000ede00000, 0x00000000ede00000| Untracked 
| 223|0x00000000edf00000, 0x00000000edf00000, 0x00000000ee000000|  0%| F|  |TAMS 0x00000000edf00000, 0x00000000edf00000| Untracked 
| 224|0x00000000ee000000, 0x00000000ee000000, 0x00000000ee100000|  0%| F|  |TAMS 0x00000000ee000000, 0x00000000ee000000| Untracked 
| 225|0x00000000ee100000, 0x00000000ee100000, 0x00000000ee200000|  0%| F|  |TAMS 0x00000000ee100000, 0x00000000ee100000| Untracked 
| 226|0x00000000ee200000, 0x00000000ee200000, 0x00000000ee300000|  0%| F|  |TAMS 0x00000000ee200000, 0x00000000ee200000| Untracked 
| 227|0x00000000ee300000, 0x00000000ee36d548, 0x00000000ee400000| 42%| E|  |TAMS 0x00000000ee300000, 0x00000000ee300000| Complete 
| 228|0x00000000ee400000, 0x00000000ee500000, 0x00000000ee500000|100%| E|  |TAMS 0x00000000ee400000, 0x00000000ee400000| Complete 
| 229|0x00000000ee500000, 0x00000000ee600000, 0x00000000ee600000|100%| E|CS|TAMS 0x00000000ee500000, 0x00000000ee500000| Complete 
| 230|0x00000000ee600000, 0x00000000ee700000, 0x00000000ee700000|100%| E|CS|TAMS 0x00000000ee600000, 0x00000000ee600000| Complete 
| 231|0x00000000ee700000, 0x00000000ee800000, 0x00000000ee800000|100%| E|CS|TAMS 0x00000000ee700000, 0x00000000ee700000| Complete 
| 232|0x00000000ee800000, 0x00000000ee900000, 0x00000000ee900000|100%| E|CS|TAMS 0x00000000ee800000, 0x00000000ee800000| Complete 
| 233|0x00000000ee900000, 0x00000000eea00000, 0x00000000eea00000|100%| E|CS|TAMS 0x00000000ee900000, 0x00000000ee900000| Complete 
| 234|0x00000000eea00000, 0x00000000eeb00000, 0x00000000eeb00000|100%| E|CS|TAMS 0x00000000eea00000, 0x00000000eea00000| Complete 
| 235|0x00000000eeb00000, 0x00000000eec00000, 0x00000000eec00000|100%| E|CS|TAMS 0x00000000eeb00000, 0x00000000eeb00000| Complete 
| 236|0x00000000eec00000, 0x00000000eed00000, 0x00000000eed00000|100%| E|CS|TAMS 0x00000000eec00000, 0x00000000eec00000| Complete 
| 237|0x00000000eed00000, 0x00000000eee00000, 0x00000000eee00000|100%| E|CS|TAMS 0x00000000eed00000, 0x00000000eed00000| Complete 
| 238|0x00000000eee00000, 0x00000000eef00000, 0x00000000eef00000|100%| E|CS|TAMS 0x00000000eee00000, 0x00000000eee00000| Complete 
| 239|0x00000000eef00000, 0x00000000ef000000, 0x00000000ef000000|100%| E|CS|TAMS 0x00000000eef00000, 0x00000000eef00000| Complete 
| 240|0x00000000ef000000, 0x00000000ef100000, 0x00000000ef100000|100%| E|CS|TAMS 0x00000000ef000000, 0x00000000ef000000| Complete 
| 241|0x00000000ef100000, 0x00000000ef200000, 0x00000000ef200000|100%| E|CS|TAMS 0x00000000ef100000, 0x00000000ef100000| Complete 
| 242|0x00000000ef200000, 0x00000000ef300000, 0x00000000ef300000|100%| E|CS|TAMS 0x00000000ef200000, 0x00000000ef200000| Complete 
| 243|0x00000000ef300000, 0x00000000ef400000, 0x00000000ef400000|100%| E|CS|TAMS 0x00000000ef300000, 0x00000000ef300000| Complete 
| 244|0x00000000ef400000, 0x00000000ef500000, 0x00000000ef500000|100%| E|CS|TAMS 0x00000000ef400000, 0x00000000ef400000| Complete 
| 245|0x00000000ef500000, 0x00000000ef600000, 0x00000000ef600000|100%| E|CS|TAMS 0x00000000ef500000, 0x00000000ef500000| Complete 
| 246|0x00000000ef600000, 0x00000000ef700000, 0x00000000ef700000|100%| E|CS|TAMS 0x00000000ef600000, 0x00000000ef600000| Complete 
| 247|0x00000000ef700000, 0x00000000ef800000, 0x00000000ef800000|100%| E|CS|TAMS 0x00000000ef700000, 0x00000000ef700000| Complete 
| 248|0x00000000ef800000, 0x00000000ef900000, 0x00000000ef900000|100%| E|CS|TAMS 0x00000000ef800000, 0x00000000ef800000| Complete 
| 249|0x00000000ef900000, 0x00000000efa00000, 0x00000000efa00000|100%| E|CS|TAMS 0x00000000ef900000, 0x00000000ef900000| Complete 
| 250|0x00000000efa00000, 0x00000000efb00000, 0x00000000efb00000|100%| E|CS|TAMS 0x00000000efa00000, 0x00000000efa00000| Complete 
| 251|0x00000000efb00000, 0x00000000efc00000, 0x00000000efc00000|100%| E|CS|TAMS 0x00000000efb00000, 0x00000000efb00000| Complete 
| 252|0x00000000efc00000, 0x00000000efd00000, 0x00000000efd00000|100%| E|CS|TAMS 0x00000000efc00000, 0x00000000efc00000| Complete 
| 253|0x00000000efd00000, 0x00000000efe00000, 0x00000000efe00000|100%| E|CS|TAMS 0x00000000efd00000, 0x00000000efd00000| Complete 
| 254|0x00000000efe00000, 0x00000000eff00000, 0x00000000eff00000|100%| E|CS|TAMS 0x00000000efe00000, 0x00000000efe00000| Complete 
| 255|0x00000000eff00000, 0x00000000f0000000, 0x00000000f0000000|100%| E|CS|TAMS 0x00000000eff00000, 0x00000000eff00000| Complete 

Card table byte_map: [0x0000019f2c6a0000,0x0000019f2c7a0000] _byte_map_base: 0x0000019f2bfa0000

Marking Bits (Prev, Next): (CMBitMap*) 0x0000019f19b28190, (CMBitMap*) 0x0000019f19b28150
 Prev Bits: [0x0000019f2d0a0000, 0x0000019f2d8a0000)
 Next Bits: [0x0000019f2c8a0000, 0x0000019f2d0a0000)

Polling page: 0x0000019f17ab0000

Metaspace:

Usage:
  Non-class:     69.14 MB used.
      Class:     10.52 MB used.
       Both:     79.66 MB used.

Virtual space:
  Non-class space:      128.00 MB reserved,      69.75 MB ( 54%) committed,  2 nodes.
      Class space:      320.00 MB reserved,      11.06 MB (  3%) committed,  1 nodes.
             Both:      448.00 MB reserved,      80.81 MB ( 18%) committed. 

Chunk freelists:
   Non-Class:  10.05 MB
       Class:  4.97 MB
        Both:  15.02 MB

MaxMetaspaceSize: 384.00 MB
CompressedClassSpaceSize: 320.00 MB
Initial GC threshold: 21.00 MB
Current GC threshold: 98.88 MB
CDS: off
MetaspaceReclaimPolicy: balanced
 - commit_granule_bytes: 65536.
 - commit_granule_words: 8192.
 - virtual_space_node_default_size: 8388608.
 - enlarge_chunks_in_place: 1.
 - new_chunks_are_fully_committed: 0.
 - uncommit_free_chunks: 1.
 - use_allocation_guard: 0.
 - handle_deallocations: 1.


Internal statistics:

num_allocs_failed_limit: 9.
num_arena_births: 2008.
num_arena_deaths: 0.
num_vsnodes_births: 3.
num_vsnodes_deaths: 0.
num_space_committed: 1293.
num_space_uncommitted: 0.
num_chunks_returned_to_freelist: 9.
num_chunks_taken_from_freelist: 5396.
num_chunk_merges: 9.
num_chunk_splits: 3155.
num_chunks_enlarged: 1560.
num_inconsistent_stats: 0.

CodeHeap 'non-profiled nmethods': size=120000Kb used=10791Kb max_used=10791Kb free=109209Kb
 bounds [0x0000019f24d40000, 0x0000019f257d0000, 0x0000019f2c270000]
CodeHeap 'profiled nmethods': size=120000Kb used=27273Kb max_used=27737Kb free=92726Kb
 bounds [0x0000019f1d270000, 0x0000019f1edb0000, 0x0000019f247a0000]
CodeHeap 'non-nmethods': size=5760Kb used=2357Kb max_used=2455Kb free=3402Kb
 bounds [0x0000019f247a0000, 0x0000019f24a20000, 0x0000019f24d40000]
 total_blobs=14645 nmethods=13759 adapters=797
 compilation: enabled
              stopped_count=0, restarted_count=0
 full_count=0

Compilation events (20 events):
Event: 2274.871 Thread 0x0000019f30490180 16287       3       org.gradle.execution.plan.edges.DependentNodesSet::getFinalizers (4 bytes)
Event: 2274.871 Thread 0x0000019f30490180 nmethod 16287 0x0000019f1dce4790 code [0x0000019f1dce4920, 0x0000019f1dce4a98]
Event: 2274.875 Thread 0x0000019f30490180 16288       3       org.gradle.execution.plan.DefaultFinalizedExecutionPlan$ExecutionQueue::hasNext (10 bytes)
Event: 2274.875 Thread 0x0000019f30490180 nmethod 16288 0x0000019f1dce4310 code [0x0000019f1dce44c0, 0x0000019f1dce4688]
Event: 2274.875 Thread 0x0000019f30490180 16289       3       org.gradle.execution.plan.LocalTaskNode::getProjectToLock (24 bytes)
Event: 2274.875 Thread 0x0000019f30490180 nmethod 16289 0x0000019f1dce3c10 code [0x0000019f1dce3dc0, 0x0000019f1dce4078]
Event: 2274.876 Thread 0x0000019f30490180 16290       3       com.google.common.collect.ImmutableSortedSet::naturalOrder (11 bytes)
Event: 2274.877 Thread 0x0000019f30490180 nmethod 16290 0x0000019f1dcdf810 code [0x0000019f1dcdf9e0, 0x0000019f1dcdfed8]
Event: 2274.888 Thread 0x0000019f30490180 16291       1       org.gradle.api.internal.tasks.properties.DefaultTaskProperties::getOutputFileProperties (5 bytes)
Event: 2274.889 Thread 0x0000019f30490180 nmethod 16291 0x0000019f257c9310 code [0x0000019f257c94a0, 0x0000019f257c9578]
Event: 2274.889 Thread 0x0000019f30490180 16292       1       org.gradle.api.internal.tasks.properties.DefaultTaskProperties::getLocalStateFiles (5 bytes)
Event: 2274.889 Thread 0x0000019f30490180 nmethod 16292 0x0000019f257c9610 code [0x0000019f257c97a0, 0x0000019f257c9878]
Event: 2274.889 Thread 0x0000019f30490180 16294       3       org.gradle.internal.snapshot.impl.ImplementationSnapshot::of (64 bytes)
Event: 2274.892 Thread 0x0000019f30490180 nmethod 16294 0x0000019f1df38f10 code [0x0000019f1df39200, 0x0000019f1df3a478]
Event: 2274.892 Thread 0x0000019f30490180 16295       3       org.gradle.internal.classloader.ConfigurableClassLoaderHierarchyHasher$Visitor::visit (14 bytes)
Event: 2274.892 Thread 0x0000019f30490180 nmethod 16295 0x0000019f1dcdf390 code [0x0000019f1dcdf540, 0x0000019f1dcdf6f8]
Event: 2274.892 Thread 0x0000019f30490180 16296       3       org.gradle.internal.classloader.ConfigurableClassLoaderHierarchyHasher$Visitor::addToHash (86 bytes)
Event: 2274.893 Thread 0x0000019f30490180 nmethod 16296 0x0000019f1ddcfa90 code [0x0000019f1ddcfdc0, 0x0000019f1ddd1598]
Event: 2274.893 Thread 0x0000019f30490180 16293       1       org.gradle.api.internal.tasks.properties.DefaultTaskProperties::getDestroyableFiles (5 bytes)
Event: 2274.893 Thread 0x0000019f30490180 nmethod 16293 0x0000019f257c9910 code [0x0000019f257c9aa0, 0x0000019f257c9b78]

GC Heap History (20 events):
Event: 773.023 GC heap before
{Heap before GC invocations=17 (full 0):
 garbage-first heap   total 262144K, used 204798K [0x00000000e0000000, 0x0000000100000000)
  region size 1024K, 139 young (142336K), 9 survivors (9216K)
 Metaspace       used 78978K, committed 79680K, reserved 458752K
  class space    used 10449K, committed 10752K, reserved 327680K
}
Event: 773.025 GC heap after
{Heap after GC invocations=18 (full 0):
 garbage-first heap   total 262144K, used 65133K [0x00000000e0000000, 0x0000000100000000)
  region size 1024K, 2 young (2048K), 2 survivors (2048K)
 Metaspace       used 78978K, committed 79680K, reserved 458752K
  class space    used 10449K, committed 10752K, reserved 327680K
}
Event: 1235.441 GC heap before
{Heap before GC invocations=18 (full 0):
 garbage-first heap   total 262144K, used 209517K [0x00000000e0000000, 0x0000000100000000)
  region size 1024K, 144 young (147456K), 2 survivors (2048K)
 Metaspace       used 79345K, committed 80128K, reserved 458752K
  class space    used 10465K, committed 10816K, reserved 327680K
}
Event: 1235.445 GC heap after
{Heap after GC invocations=19 (full 0):
 garbage-first heap   total 262144K, used 66839K [0x00000000e0000000, 0x0000000100000000)
  region size 1024K, 4 young (4096K), 4 survivors (4096K)
 Metaspace       used 79345K, committed 80128K, reserved 458752K
  class space    used 10465K, committed 10816K, reserved 327680K
}
Event: 1262.144 GC heap before
{Heap before GC invocations=19 (full 0):
 garbage-first heap   total 262144K, used 212247K [0x00000000e0000000, 0x0000000100000000)
  region size 1024K, 147 young (150528K), 4 survivors (4096K)
 Metaspace       used 79491K, committed 80256K, reserved 458752K
  class space    used 10467K, committed 10816K, reserved 327680K
}
Event: 1262.149 GC heap after
{Heap after GC invocations=20 (full 0):
 garbage-first heap   total 262144K, used 68825K [0x00000000e0000000, 0x0000000100000000)
  region size 1024K, 6 young (6144K), 6 survivors (6144K)
 Metaspace       used 79491K, committed 80256K, reserved 458752K
  class space    used 10467K, committed 10816K, reserved 327680K
}
Event: 1263.629 GC heap before
{Heap before GC invocations=20 (full 0):
 garbage-first heap   total 262144K, used 213209K [0x00000000e0000000, 0x0000000100000000)
  region size 1024K, 148 young (151552K), 6 survivors (6144K)
 Metaspace       used 79591K, committed 80320K, reserved 458752K
  class space    used 10467K, committed 10816K, reserved 327680K
}
Event: 1263.636 GC heap after
{Heap after GC invocations=21 (full 0):
 garbage-first heap   total 262144K, used 71648K [0x00000000e0000000, 0x0000000100000000)
  region size 1024K, 8 young (8192K), 8 survivors (8192K)
 Metaspace       used 79591K, committed 80320K, reserved 458752K
  class space    used 10467K, committed 10816K, reserved 327680K
}
Event: 1266.791 GC heap before
{Heap before GC invocations=21 (full 0):
 garbage-first heap   total 262144K, used 212960K [0x00000000e0000000, 0x0000000100000000)
  region size 1024K, 147 young (150528K), 8 survivors (8192K)
 Metaspace       used 79695K, committed 80384K, reserved 458752K
  class space    used 10467K, committed 10816K, reserved 327680K
}
Event: 1266.799 GC heap after
{Heap after GC invocations=22 (full 0):
 garbage-first heap   total 262144K, used 72528K [0x00000000e0000000, 0x0000000100000000)
  region size 1024K, 9 young (9216K), 9 survivors (9216K)
 Metaspace       used 79695K, committed 80384K, reserved 458752K
  class space    used 10467K, committed 10816K, reserved 327680K
}
Event: 1346.745 GC heap before
{Heap before GC invocations=22 (full 0):
 garbage-first heap   total 262144K, used 210768K [0x00000000e0000000, 0x0000000100000000)
  region size 1024K, 145 young (148480K), 9 survivors (9216K)
 Metaspace       used 79825K, committed 80576K, reserved 458752K
  class space    used 10467K, committed 10816K, reserved 327680K
}
Event: 1346.750 GC heap after
{Heap after GC invocations=23 (full 0):
 garbage-first heap   total 262144K, used 66535K [0x00000000e0000000, 0x0000000100000000)
  region size 1024K, 3 young (3072K), 3 survivors (3072K)
 Metaspace       used 79825K, committed 80576K, reserved 458752K
  class space    used 10467K, committed 10816K, reserved 327680K
}
Event: 1592.439 GC heap before
{Heap before GC invocations=23 (full 0):
 garbage-first heap   total 262144K, used 213991K [0x00000000e0000000, 0x0000000100000000)
  region size 1024K, 148 young (151552K), 3 survivors (3072K)
 Metaspace       used 79907K, committed 80640K, reserved 458752K
  class space    used 10470K, committed 10816K, reserved 327680K
}
Event: 1592.444 GC heap after
{Heap after GC invocations=24 (full 0):
 garbage-first heap   total 262144K, used 67961K [0x00000000e0000000, 0x0000000100000000)
  region size 1024K, 5 young (5120K), 5 survivors (5120K)
 Metaspace       used 79907K, committed 80640K, reserved 458752K
  class space    used 10470K, committed 10816K, reserved 327680K
}
Event: 2109.444 GC heap before
{Heap before GC invocations=24 (full 0):
 garbage-first heap   total 262144K, used 215417K [0x00000000e0000000, 0x0000000100000000)
  region size 1024K, 150 young (153600K), 5 survivors (5120K)
 Metaspace       used 79998K, committed 80704K, reserved 458752K
  class space    used 10471K, committed 10816K, reserved 327680K
}
Event: 2109.449 GC heap after
{Heap after GC invocations=25 (full 0):
 garbage-first heap   total 262144K, used 69837K [0x00000000e0000000, 0x0000000100000000)
  region size 1024K, 7 young (7168K), 7 survivors (7168K)
 Metaspace       used 79998K, committed 80704K, reserved 458752K
  class space    used 10471K, committed 10816K, reserved 327680K
}
Event: 2213.680 GC heap before
{Heap before GC invocations=25 (full 0):
 garbage-first heap   total 262144K, used 214221K [0x00000000e0000000, 0x0000000100000000)
  region size 1024K, 149 young (152576K), 7 survivors (7168K)
 Metaspace       used 81432K, committed 82624K, reserved 458752K
  class space    used 10768K, committed 11328K, reserved 327680K
}
Event: 2213.688 GC heap after
{Heap after GC invocations=26 (full 0):
 garbage-first heap   total 262144K, used 72616K [0x00000000e0000000, 0x0000000100000000)
  region size 1024K, 9 young (9216K), 9 survivors (9216K)
 Metaspace       used 81432K, committed 82624K, reserved 458752K
  class space    used 10768K, committed 11328K, reserved 327680K
}
Event: 2273.472 GC heap before
{Heap before GC invocations=26 (full 0):
 garbage-first heap   total 262144K, used 212904K [0x00000000e0000000, 0x0000000100000000)
  region size 1024K, 147 young (150528K), 9 survivors (9216K)
 Metaspace       used 81517K, committed 82688K, reserved 458752K
  class space    used 10770K, committed 11328K, reserved 327680K
}
Event: 2273.480 GC heap after
{Heap after GC invocations=27 (full 0):
 garbage-first heap   total 262144K, used 73728K [0x00000000e0000000, 0x0000000100000000)
  region size 1024K, 10 young (10240K), 10 survivors (10240K)
 Metaspace       used 81517K, committed 82688K, reserved 458752K
  class space    used 10770K, committed 11328K, reserved 327680K
}

Dll operation events (3 events):
Event: 0.011 Loaded shared library C:\Program Files\JetBrains\IntelliJ IDEA 2023.2.2\jbr\bin\java.dll
Event: 0.104 Loaded shared library C:\Program Files\JetBrains\IntelliJ IDEA 2023.2.2\jbr\bin\zip.dll
Event: 0.308 Loaded shared library C:\Program Files\JetBrains\IntelliJ IDEA 2023.2.2\jbr\bin\verify.dll

Deoptimization events (20 events):
Event: 2109.563 Thread 0x0000019f38eeeab0 DEOPT PACKING pc=0x0000019f254ed7c8 sp=0x0000003d702feda0
Event: 2109.563 Thread 0x0000019f38eefef0 DEOPT PACKING pc=0x0000019f254ed7c8 sp=0x0000003d6fefeef0
Event: 2109.563 Thread 0x0000019f38ef0e20 DEOPT PACKING pc=0x0000019f254ed7c8 sp=0x0000003d6fffebe0
Event: 2109.563 Thread 0x0000019f38eeeab0 DEOPT UNPACKING pc=0x0000019f247f69a3 sp=0x0000003d702fec70 mode 2
Event: 2109.563 Thread 0x0000019f38ef0e20 DEOPT UNPACKING pc=0x0000019f247f69a3 sp=0x0000003d6fffeab0 mode 2
Event: 2109.563 Thread 0x0000019f38eefef0 DEOPT UNPACKING pc=0x0000019f247f69a3 sp=0x0000003d6fefedc0 mode 2
Event: 2213.056 Thread 0x0000019f3a090a10 DEOPT PACKING pc=0x0000019f1ebe9338 sp=0x0000003d686fb260
Event: 2213.056 Thread 0x0000019f3a090a10 DEOPT UNPACKING pc=0x0000019f247f7143 sp=0x0000003d686fa760 mode 0
Event: 2213.102 Thread 0x0000019f3a090a10 Uncommon trap: trap_request=0xffffff45 fr.pc=0x0000019f25469b08 relative=0x00000000000003e8
Event: 2213.102 Thread 0x0000019f3a090a10 Uncommon trap: reason=unstable_if action=reinterpret pc=0x0000019f25469b08 method=java.util.concurrent.ConcurrentLinkedQueue.offer(Ljava/lang/Object;)Z @ 77 c2
Event: 2213.102 Thread 0x0000019f3a090a10 DEOPT PACKING pc=0x0000019f25469b08 sp=0x0000003d686f7a80
Event: 2213.102 Thread 0x0000019f3a090a10 DEOPT UNPACKING pc=0x0000019f247f69a3 sp=0x0000003d686f7a18 mode 2
Event: 2213.111 Thread 0x0000019f3a090a10 DEOPT PACKING pc=0x0000019f1d37609f sp=0x0000003d686f6960
Event: 2213.111 Thread 0x0000019f3a090a10 DEOPT UNPACKING pc=0x0000019f247f7143 sp=0x0000003d686f5e20 mode 0
Event: 2213.744 Thread 0x0000019f3a090500 DEOPT PACKING pc=0x0000019f1e49f1ce sp=0x0000003d6b2fa190
Event: 2213.744 Thread 0x0000019f3a090500 DEOPT UNPACKING pc=0x0000019f247f7143 sp=0x0000003d6b2f96b0 mode 0
Event: 2274.815 Thread 0x0000019f3a36d640 Uncommon trap: trap_request=0xffffff45 fr.pc=0x0000019f25546080 relative=0x0000000000002e20
Event: 2274.815 Thread 0x0000019f3a36d640 Uncommon trap: reason=unstable_if action=reinterpret pc=0x0000019f25546080 method=java.util.concurrent.ConcurrentHashMap.get(Ljava/lang/Object;)Ljava/lang/Object; @ 86 c2
Event: 2274.815 Thread 0x0000019f3a36d640 DEOPT PACKING pc=0x0000019f25546080 sp=0x0000003d6a2fec40
Event: 2274.815 Thread 0x0000019f3a36d640 DEOPT UNPACKING pc=0x0000019f247f69a3 sp=0x0000003d6a2fe870 mode 2

Classes unloaded (0 events):
No events

Classes redefined (0 events):
No events

Internal exceptions (20 events):
Event: 2109.146 Thread 0x0000019f3a091e50 Exception <a 'sun/nio/fs/WindowsException'{0x00000000ea9639b0}> (0x00000000ea9639b0) 
thrown [s\src\hotspot\share\prims\jni.cpp, line 517]
Event: 2109.147 Thread 0x0000019f3a091e50 Exception <a 'sun/nio/fs/WindowsException'{0x00000000ea964f18}> (0x00000000ea964f18) 
thrown [s\src\hotspot\share\prims\jni.cpp, line 517]
Event: 2109.147 Thread 0x0000019f3a091e50 Exception <a 'sun/nio/fs/WindowsException'{0x00000000ea966480}> (0x00000000ea966480) 
thrown [s\src\hotspot\share\prims\jni.cpp, line 517]
Event: 2109.148 Thread 0x0000019f3a091e50 Exception <a 'sun/nio/fs/WindowsException'{0x00000000ea9679e8}> (0x00000000ea9679e8) 
thrown [s\src\hotspot\share\prims\jni.cpp, line 517]
Event: 2109.195 Thread 0x0000019f3a091e50 Exception <a 'java/lang/NoClassDefFoundError'{0x00000000ea411238}: org/jetbrains/kotlin/gradle/plugin/KotlinPluginWrapper> (0x00000000ea411238) 
thrown [s\src\hotspot\share\oops\constantPool.cpp, line 835]
Event: 2213.046 Thread 0x0000019f3a090a10 Exception <a 'sun/nio/fs/WindowsException'{0x00000000ec4f9a08}> (0x00000000ec4f9a08) 
thrown [s\src\hotspot\share\prims\jni.cpp, line 517]
Event: 2213.047 Thread 0x0000019f3a090a10 Exception <a 'sun/nio/fs/WindowsException'{0x00000000ec4fb230}> (0x00000000ec4fb230) 
thrown [s\src\hotspot\share\prims\jni.cpp, line 517]
Event: 2213.047 Thread 0x0000019f3a090a10 Exception <a 'sun/nio/fs/WindowsException'{0x00000000ec4fc798}> (0x00000000ec4fc798) 
thrown [s\src\hotspot\share\prims\jni.cpp, line 517]
Event: 2213.048 Thread 0x0000019f3a090a10 Exception <a 'sun/nio/fs/WindowsException'{0x00000000ec4fdd00}> (0x00000000ec4fdd00) 
thrown [s\src\hotspot\share\prims\jni.cpp, line 517]
Event: 2213.140 Thread 0x0000019f3a090a10 Exception <a 'java/lang/NoClassDefFoundError'{0x00000000ebc1c0d8}: org/jetbrains/kotlin/gradle/plugin/KotlinPluginWrapper> (0x00000000ebc1c0d8) 
thrown [s\src\hotspot\share\oops\constantPool.cpp, line 835]
Event: 2272.620 Thread 0x0000019f3a090a10 Exception <a 'sun/nio/fs/WindowsException'{0x00000000eddf7000}> (0x00000000eddf7000) 
thrown [s\src\hotspot\share\prims\jni.cpp, line 517]
Event: 2272.621 Thread 0x0000019f3a090a10 Exception <a 'sun/nio/fs/WindowsException'{0x00000000eddf87f8}> (0x00000000eddf87f8) 
thrown [s\src\hotspot\share\prims\jni.cpp, line 517]
Event: 2272.621 Thread 0x0000019f3a090a10 Exception <a 'sun/nio/fs/WindowsException'{0x00000000eddf9d60}> (0x00000000eddf9d60) 
thrown [s\src\hotspot\share\prims\jni.cpp, line 517]
Event: 2272.621 Thread 0x0000019f3a090a10 Exception <a 'sun/nio/fs/WindowsException'{0x00000000eddfb2c8}> (0x00000000eddfb2c8) 
thrown [s\src\hotspot\share\prims\jni.cpp, line 517]
Event: 2272.674 Thread 0x0000019f3a090a10 Exception <a 'java/lang/NoClassDefFoundError'{0x00000000ed88ca88}: org/jetbrains/kotlin/gradle/plugin/KotlinPluginWrapper> (0x00000000ed88ca88) 
thrown [s\src\hotspot\share\oops\constantPool.cpp, line 835]
Event: 2274.698 Thread 0x0000019f3a090a10 Exception <a 'sun/nio/fs/WindowsException'{0x00000000ef6cf9a8}> (0x00000000ef6cf9a8) 
thrown [s\src\hotspot\share\prims\jni.cpp, line 517]
Event: 2274.702 Thread 0x0000019f3a090a10 Exception <a 'sun/nio/fs/WindowsException'{0x00000000ef6d0f10}> (0x00000000ef6d0f10) 
thrown [s\src\hotspot\share\prims\jni.cpp, line 517]
Event: 2274.703 Thread 0x0000019f3a090a10 Exception <a 'sun/nio/fs/WindowsException'{0x00000000ef6d2478}> (0x00000000ef6d2478) 
thrown [s\src\hotspot\share\prims\jni.cpp, line 517]
Event: 2274.707 Thread 0x0000019f3a090a10 Exception <a 'sun/nio/fs/WindowsException'{0x00000000ef6d39e0}> (0x00000000ef6d39e0) 
thrown [s\src\hotspot\share\prims\jni.cpp, line 517]
Event: 2274.844 Thread 0x0000019f3a090a10 Exception <a 'java/lang/NoClassDefFoundError'{0x00000000ef1692e8}: org/jetbrains/kotlin/gradle/plugin/KotlinPluginWrapper> (0x00000000ef1692e8) 
thrown [s\src\hotspot\share\oops\constantPool.cpp, line 835]

VM Operations (20 events):
Event: 2110.462 Executing VM operation: Cleanup
Event: 2110.462 Executing VM operation: Cleanup done
Event: 2124.563 Executing VM operation: Cleanup
Event: 2124.563 Executing VM operation: Cleanup done
Event: 2165.118 Executing VM operation: HandshakeAllThreads
Event: 2165.118 Executing VM operation: HandshakeAllThreads done
Event: 2213.439 Executing VM operation: Cleanup
Event: 2213.439 Executing VM operation: Cleanup done
Event: 2213.680 Executing VM operation: G1CollectForAllocation
Event: 2213.688 Executing VM operation: G1CollectForAllocation done
Event: 2214.695 Executing VM operation: Cleanup
Event: 2214.695 Executing VM operation: Cleanup done
Event: 2225.215 Executing VM operation: HandshakeAllThreads
Event: 2225.215 Executing VM operation: HandshakeAllThreads done
Event: 2272.642 Executing VM operation: Cleanup
Event: 2272.643 Executing VM operation: Cleanup done
Event: 2273.472 Executing VM operation: G1CollectForAllocation
Event: 2273.480 Executing VM operation: G1CollectForAllocation done
Event: 2274.487 Executing VM operation: Cleanup
Event: 2274.487 Executing VM operation: Cleanup done

Events (20 events):
Event: 2274.814 Thread 0x0000019f3a36a8b0 Thread added: 0x0000019f3a36a8b0
Event: 2274.873 Thread 0x0000019f3a36b2d0 Thread added: 0x0000019f3a36b2d0
Event: 2274.874 Thread 0x0000019f3a36b7e0 Thread added: 0x0000019f3a36b7e0
Event: 2274.874 Thread 0x0000019f3a0937a0 Thread added: 0x0000019f3a0937a0
Event: 2274.874 Thread 0x0000019f3a092d80 Thread added: 0x0000019f3a092d80
Event: 2274.874 Thread 0x0000019f3a0946d0 Thread added: 0x0000019f3a0946d0
Event: 2274.874 Thread 0x0000019f3a091940 Thread added: 0x0000019f3a091940
Event: 2274.874 Thread 0x0000019f3a096f50 Thread added: 0x0000019f3a096f50
Event: 2274.874 Thread 0x0000019f3a092870 Thread added: 0x0000019f3a092870
Event: 2274.878 Thread 0x0000019f3a093290 Thread added: 0x0000019f3a093290
Event: 2274.908 Thread 0x0000019f3a091430 Thread added: 0x0000019f3a091430
Event: 2274.919 Thread 0x0000019f3a094be0 Thread added: 0x0000019f3a094be0
Event: 2274.924 Thread 0x0000019f3a08fff0 Thread added: 0x0000019f3a08fff0
Event: 2274.934 Thread 0x0000019f3a0950f0 Thread added: 0x0000019f3a0950f0
Event: 2274.940 Thread 0x0000019f3a095600 Thread added: 0x0000019f3a095600
Event: 2274.946 Thread 0x0000019f3a097970 Thread added: 0x0000019f3a097970
Event: 2274.952 Thread 0x0000019f3a096530 Thread added: 0x0000019f3a096530
Event: 2274.963 Thread 0x0000019f3a096a40 Thread added: 0x0000019f3a096a40
Event: 2274.972 Thread 0x0000019f3a090500 Thread added: 0x0000019f3a090500
Event: 2274.988 Thread 0x0000019f3a091e50 Thread added: 0x0000019f3a091e50


Dynamic libraries:
0x00007ff640520000 - 0x00007ff64052a000 	C:\Program Files\JetBrains\IntelliJ IDEA 2023.2.2\jbr\bin\java.exe
0x00007ffb07550000 - 0x00007ffb07748000 	C:\Windows\SYSTEM32\ntdll.dll
0x00007ffb06850000 - 0x00007ffb0690d000 	C:\Windows\System32\KERNEL32.DLL
0x00007ffb052b0000 - 0x00007ffb055a6000 	C:\Windows\System32\KERNELBASE.dll
0x00007ffb04f80000 - 0x00007ffb05080000 	C:\Windows\System32\ucrtbase.dll
0x00007ffaf7eb0000 - 0x00007ffaf7ec7000 	C:\Program Files\JetBrains\IntelliJ IDEA 2023.2.2\jbr\bin\jli.dll
0x00007ffafbb70000 - 0x00007ffafbb8b000 	C:\Program Files\JetBrains\IntelliJ IDEA 2023.2.2\jbr\bin\VCRUNTIME140.dll
0x00007ffb05f50000 - 0x00007ffb060ee000 	C:\Windows\System32\USER32.dll
0x00007ffb04dc0000 - 0x00007ffb04de2000 	C:\Windows\System32\win32u.dll
0x00007ffae33c0000 - 0x00007ffae365a000 	C:\Windows\WinSxS\amd64_microsoft.windows.common-controls_6595b64144ccf1df_6.0.19041.1110_none_60b5254171f9507e\COMCTL32.dll
0x00007ffb073b0000 - 0x00007ffb073dc000 	C:\Windows\System32\GDI32.dll
0x00007ffb07190000 - 0x00007ffb0722e000 	C:\Windows\System32\msvcrt.dll
0x00007ffb05120000 - 0x00007ffb0523a000 	C:\Windows\System32\gdi32full.dll
0x00007ffb05080000 - 0x00007ffb0511d000 	C:\Windows\System32\msvcp_win.dll
0x00007ffb05eb0000 - 0x00007ffb05ee0000 	C:\Windows\System32\IMM32.DLL
0x00007ffaf98c0000 - 0x00007ffaf98cc000 	C:\Program Files\JetBrains\IntelliJ IDEA 2023.2.2\jbr\bin\vcruntime140_1.dll
0x00007ffaf1bc0000 - 0x00007ffaf1c4d000 	C:\Program Files\JetBrains\IntelliJ IDEA 2023.2.2\jbr\bin\msvcp140.dll
0x00007ffac0a50000 - 0x00007ffac16d3000 	C:\Program Files\JetBrains\IntelliJ IDEA 2023.2.2\jbr\bin\server\jvm.dll
0x00007ffb06910000 - 0x00007ffb069be000 	C:\Windows\System32\ADVAPI32.dll
0x00007ffb055c0000 - 0x00007ffb0565c000 	C:\Windows\System32\sechost.dll
0x00007ffb06250000 - 0x00007ffb06376000 	C:\Windows\System32\RPCRT4.dll
0x00007ffb04a90000 - 0x00007ffb04adb000 	C:\Windows\SYSTEM32\POWRPROF.dll
0x00007ffaffa10000 - 0x00007ffaffa19000 	C:\Windows\SYSTEM32\WSOCK32.dll
0x00007ffaee050000 - 0x00007ffaee077000 	C:\Windows\SYSTEM32\WINMM.dll
0x00007ffafe5c0000 - 0x00007ffafe5ca000 	C:\Windows\SYSTEM32\VERSION.dll
0x00007ffb05ee0000 - 0x00007ffb05f4b000 	C:\Windows\System32\WS2_32.dll
0x00007ffb04a70000 - 0x00007ffb04a82000 	C:\Windows\SYSTEM32\UMPDC.dll
0x00007ffb02aa0000 - 0x00007ffb02ab2000 	C:\Windows\SYSTEM32\kernel.appcore.dll
0x00007ffb023d0000 - 0x00007ffb023da000 	C:\Program Files\JetBrains\IntelliJ IDEA 2023.2.2\jbr\bin\jimage.dll
0x00007ffaf92d0000 - 0x00007ffaf94b4000 	C:\Windows\SYSTEM32\DBGHELP.DLL
0x00007ffaf8cd0000 - 0x00007ffaf8d04000 	C:\Windows\SYSTEM32\dbgcore.DLL
0x00007ffb04df0000 - 0x00007ffb04e72000 	C:\Windows\System32\bcryptPrimitives.dll
0x00007ffafa040000 - 0x00007ffafa04e000 	C:\Program Files\JetBrains\IntelliJ IDEA 2023.2.2\jbr\bin\instrument.dll
0x00007ffafa1c0000 - 0x00007ffafa1e5000 	C:\Program Files\JetBrains\IntelliJ IDEA 2023.2.2\jbr\bin\java.dll
0x00007ffafa330000 - 0x00007ffafa348000 	C:\Program Files\JetBrains\IntelliJ IDEA 2023.2.2\jbr\bin\zip.dll
0x00007ffb06a40000 - 0x00007ffb07185000 	C:\Windows\System32\SHELL32.dll
0x00007ffb02ca0000 - 0x00007ffb0343b000 	C:\Windows\SYSTEM32\windows.storage.dll
0x00007ffb05ae0000 - 0x00007ffb05e34000 	C:\Windows\System32\combase.dll
0x00007ffb044c0000 - 0x00007ffb044ee000 	C:\Windows\SYSTEM32\Wldp.dll
0x00007ffb05a30000 - 0x00007ffb05add000 	C:\Windows\System32\SHCORE.dll
0x00007ffb07230000 - 0x00007ffb07285000 	C:\Windows\System32\shlwapi.dll
0x00007ffb04b60000 - 0x00007ffb04b85000 	C:\Windows\SYSTEM32\profapi.dll
0x00007ffaf8680000 - 0x00007ffaf8699000 	C:\Program Files\JetBrains\IntelliJ IDEA 2023.2.2\jbr\bin\net.dll
0x00007ffafe900000 - 0x00007ffafea0a000 	C:\Windows\SYSTEM32\WINHTTP.dll
0x00007ffb042a0000 - 0x00007ffb0430a000 	C:\Windows\system32\mswsock.dll
0x00007ffaf8660000 - 0x00007ffaf8676000 	C:\Program Files\JetBrains\IntelliJ IDEA 2023.2.2\jbr\bin\nio.dll
0x00007ffb023b0000 - 0x00007ffb023c0000 	C:\Program Files\JetBrains\IntelliJ IDEA 2023.2.2\jbr\bin\verify.dll
0x00007ffafa1f0000 - 0x00007ffafa217000 	C:\Users\GGG\.gradle\native\68d5fa5c4cc2d200863cafc0d521ce42e7d3e7ee720ec0a83991735586a16f82\windows-amd64\native-platform.dll
0x00007ffac2510000 - 0x00007ffac2654000 	C:\Users\GGG\.gradle\native\e376f236ea51e6404a007f0833ffe2c6e607c4080706a723a18a27aeea778392\windows-amd64\native-platform-file-events.dll
0x00007ffafa4a0000 - 0x00007ffafa4a9000 	C:\Program Files\JetBrains\IntelliJ IDEA 2023.2.2\jbr\bin\management.dll
0x00007ffafa080000 - 0x00007ffafa08b000 	C:\Program Files\JetBrains\IntelliJ IDEA 2023.2.2\jbr\bin\management_ext.dll
0x00007ffb055b0000 - 0x00007ffb055b8000 	C:\Windows\System32\PSAPI.DLL
0x00007ffb04830000 - 0x00007ffb04848000 	C:\Windows\SYSTEM32\CRYPTSP.dll
0x00007ffb03bd0000 - 0x00007ffb03c04000 	C:\Windows\system32\rsaenh.dll
0x00007ffb04c30000 - 0x00007ffb04c57000 	C:\Windows\System32\bcrypt.dll
0x00007ffb04b20000 - 0x00007ffb04b4e000 	C:\Windows\SYSTEM32\USERENV.dll
0x00007ffb04430000 - 0x00007ffb0443c000 	C:\Windows\SYSTEM32\CRYPTBASE.dll
0x00007ffb03fb0000 - 0x00007ffb03feb000 	C:\Windows\SYSTEM32\IPHLPAPI.DLL
0x00007ffb05950000 - 0x00007ffb05958000 	C:\Windows\System32\NSI.dll
0x00007ffafeea0000 - 0x00007ffafeeb7000 	C:\Windows\SYSTEM32\dhcpcsvc6.DLL
0x00007ffafee80000 - 0x00007ffafee9d000 	C:\Windows\SYSTEM32\dhcpcsvc.DLL
0x00007ffb03ff0000 - 0x00007ffb040ba000 	C:\Windows\SYSTEM32\DNSAPI.dll
0x00007ffaffa00000 - 0x00007ffaffa0e000 	C:\Program Files\JetBrains\IntelliJ IDEA 2023.2.2\jbr\bin\sunmscapi.dll
0x00007ffb04c60000 - 0x00007ffb04dbe000 	C:\Windows\System32\CRYPT32.dll
0x00007ffb04530000 - 0x00007ffb04558000 	C:\Windows\SYSTEM32\ncrypt.dll
0x00007ffb044f0000 - 0x00007ffb0452b000 	C:\Windows\SYSTEM32\NTASN1.dll
0x00007ffafbdd0000 - 0x00007ffafbdd7000 	C:\Windows\system32\wshunix.dll

dbghelp: loaded successfully - version: 4.0.5 - missing functions: none
symbol engine: initialized successfully - sym options: 0x614 - pdb path: .;C:\Program Files\JetBrains\IntelliJ IDEA 2023.2.2\jbr\bin;C:\Windows\SYSTEM32;C:\Windows\WinSxS\amd64_microsoft.windows.common-controls_6595b64144ccf1df_6.0.19041.1110_none_60b5254171f9507e;C:\Program Files\JetBrains\IntelliJ IDEA 2023.2.2\jbr\bin\server;C:\Users\GGG\.gradle\native\68d5fa5c4cc2d200863cafc0d521ce42e7d3e7ee720ec0a83991735586a16f82\windows-amd64;C:\Users\GGG\.gradle\native\e376f236ea51e6404a007f0833ffe2c6e607c4080706a723a18a27aeea778392\windows-amd64

VM Arguments:
jvm_args: --add-opens=java.base/java.util=ALL-UNNAMED --add-opens=java.base/java.lang=ALL-UNNAMED --add-opens=java.base/java.lang.invoke=ALL-UNNAMED --add-opens=java.prefs/java.util.prefs=ALL-UNNAMED --add-opens=java.base/java.nio.charset=ALL-UNNAMED --add-opens=java.base/java.net=ALL-UNNAMED --add-opens=java.base/java.util.concurrent.atomic=ALL-UNNAMED -XX:MaxMetaspaceSize=384m -XX:+HeapDumpOnOutOfMemoryError -Xms256m -Xmx512m -Dfile.encoding=UTF-8 -Duser.country=KR -Duser.language=ko -Duser.variant -javaagent:C:\Users\GGG\.gradle\wrapper\dists\gradle-8.3-bin\dxjbbhstwasg8cbags9q7cvli\gradle-8.3\lib\agents\gradle-instrumentation-agent-8.3.jar 
java_command: org.gradle.launcher.daemon.bootstrap.GradleDaemon 8.3
java_class_path (initial): C:\Users\GGG\.gradle\wrapper\dists\gradle-8.3-bin\dxjbbhstwasg8cbags9q7cvli\gradle-8.3\lib\gradle-launcher-8.3.jar
Launcher Type: SUN_STANDARD

[Global flags]
     intx CICompilerCount                          = 4                                         {product} {ergonomic}
   size_t CompressedClassSpaceSize                 = 335544320                                 {product} {ergonomic}
     uint ConcGCThreads                            = 2                                         {product} {ergonomic}
     uint G1ConcRefinementThreads                  = 8                                         {product} {ergonomic}
   size_t G1HeapRegionSize                         = 1048576                                   {product} {ergonomic}
    uintx GCDrainStackTargetSize                   = 64                                        {product} {ergonomic}
     bool HeapDumpOnOutOfMemoryError               = true                                   {manageable} {command line}
   size_t InitialHeapSize                          = 268435456                                 {product} {command line}
   size_t MarkStackSize                            = 4194304                                   {product} {ergonomic}
   size_t MaxHeapSize                              = 536870912                                 {product} {command line}
   size_t MaxMetaspaceSize                         = 402653184                                 {product} {command line}
   size_t MaxNewSize                               = 321912832                                 {product} {ergonomic}
   size_t MinHeapDeltaBytes                        = 1048576                                   {product} {ergonomic}
   size_t MinHeapSize                              = 268435456                                 {product} {command line}
    uintx NonNMethodCodeHeapSize                   = 5839372                                {pd product} {ergonomic}
    uintx NonProfiledCodeHeapSize                  = 122909434                              {pd product} {ergonomic}
    uintx ProfiledCodeHeapSize                     = 122909434                              {pd product} {ergonomic}
    uintx ReservedCodeCacheSize                    = 251658240                              {pd product} {ergonomic}
     bool SegmentedCodeCache                       = true                                      {product} {ergonomic}
   size_t SoftMaxHeapSize                          = 536870912                              {manageable} {ergonomic}
     bool UseCompressedClassPointers               = true                           {product lp64_product} {ergonomic}
     bool UseCompressedOops                        = true                           {product lp64_product} {ergonomic}
     bool UseG1GC                                  = true                                      {product} {ergonomic}
     bool UseLargePagesIndividualAllocation        = false                                  {pd product} {ergonomic}

Logging:
Log output configuration:
 #0: stdout all=warning uptime,level,tags
 #1: stderr all=off uptime,level,tags

Environment Variables:
PATH=C:\Program Files\Common Files\Oracle\Java\javapath;C:\Program Files (x86)\Common Files\Intel\Shared Libraries\redist\intel64\compiler;C:\Windows\system32;C:\Windows;C:\Windows\System32\Wbem;C:\Windows\System32\WindowsPowerShell\v1.0\;C:\Windows\System32\OpenSSH\;C:\Program Files\dotnet\;C:\Program Files\Java\jdk-11\bin;C:\Program Files\Git\cmd;D:\my_tools\flutter\bin;C:\Program Files\nodejs\;C:\Program Files\Docker\Docker\resources\bin;C:\Users\GGG\AppData\Local\Microsoft\WindowsApps;C:\Users\GGG\AppData\Local\Programs\Microsoft VS Code\bin;C:\Users\GGG\AppData\Roaming\npm;C:\Users\GGG\AppData\Local\GitHubDesktop\bin;C:\Program Files\JetBrains\IntelliJ IDEA 2023.2.2\bin;
USERNAME=GGG
OS=Windows_NT
PROCESSOR_IDENTIFIER=Intel64 Family 6 Model 158 Stepping 13, GenuineIntel
TMP=C:\Users\GGG\AppData\Local\Temp
TEMP=C:\Users\GGG\AppData\Local\Temp


JNI global refs:
JNI global refs: 28, weak refs: 3

JNI global refs memory usage: 843, weak refs: 841

OOME stack traces (most recent first):
Classloader memory used:
Loader org.gradle.internal.classloader.VisitableURLClassLoader                         : 4027K
Loader bootstrap                                                                       : 2767K
Loader org.gradle.initialization.MixInLegacyTypesClassLoader                           : 1459K
Loader jdk.internal.loader.ClassLoaders$AppClassLoader                                 : 1052K
Loader org.gradle.internal.classloader.VisitableURLClassLoader$InstrumentingVisitableURLClassLoader: 293K
Loader jdk.internal.reflect.DelegatingClassLoader                                      : 251K
Loader lombok.launch.ShadowClassLoader                                                 : 212K
Loader jdk.internal.loader.ClassLoaders$PlatformClassLoader                            : 101K
Loader org.gradle.groovy.scripts.internal.DefaultScriptCompilationHandler$ScriptClassLoader: 12747B
Loader java.net.URLClassLoader                                                         : 9485B
Loader org.gradle.internal.classloader.VisitableURLClassLoader                         : 4756B
Loader org.codehaus.groovy.runtime.callsite.CallSiteClassLoader                        : 2531B
Loader sun.reflect.misc.MethodUtil                                                     : 519B

Classes loaded by more than one classloader:
Class org.gradle.internal.installation.GradleInstallation                             : loaded 2 times (x 73B)
Class org.gradle.internal.classpath.ClassPath                                         : loaded 2 times (x 68B)
Class org.gradle.api.internal.classpath.DefaultModuleRegistry                         : loaded 2 times (x 84B)
Class org.gradle.api.Action                                                           : loaded 2 times (x 68B)
Class org.gradle.api.internal.DefaultClassPathProvider                                : loaded 2 times (x 74B)
Class org.gradle.internal.installation.GradleInstallation$1                           : loaded 2 times (x 73B)
Class org.gradle.internal.classloader.FilteringClassLoader                            : loaded 2 times (x 103B)
Class org.gradle.internal.classpath.DefaultClassPath$ImmutableUniqueList$Builder      : loaded 2 times (x 73B)
Class org.gradle.internal.classloader.ClassLoaderVisitor                              : loaded 2 times (x 74B)
Class org.gradle.internal.service.DefaultServiceLocator                               : loaded 2 times (x 81B)
Class org.gradle.internal.service.UnknownServiceException                             : loaded 2 times (x 81B)
Class org.gradle.internal.classloader.DefaultClassLoaderFactory                       : loaded 2 times (x 80B)
Class org.gradle.internal.classloader.VisitableURLClassLoader$Spec                    : loaded 2 times (x 72B)
Class org.gradle.api.GradleException                                                  : loaded 2 times (x 80B)
Class org.gradle.api.internal.classpath.ModuleRegistry                                : loaded 2 times (x 68B)
Class org.gradle.api.internal.ClassPathProvider                                       : loaded 2 times (x 68B)
Class org.gradle.internal.classloader.ClasspathUtil$1                                 : loaded 2 times (x 74B)
Class org.gradle.internal.classloader.ClassLoaderFactory                              : loaded 2 times (x 68B)
Class org.gradle.api.internal.classpath.ManifestUtil                                  : loaded 2 times (x 69B)
Class org.gradle.api.specs.Spec                                                       : loaded 2 times (x 68B)
Class org.gradle.internal.IoActions                                                   : loaded 2 times (x 69B)
Class org.gradle.api.internal.classpath.EffectiveClassPath                            : loaded 2 times (x 88B)
Class org.gradle.internal.installation.CurrentGradleInstallation                      : loaded 2 times (x 71B)
Class org.gradle.internal.agents.InstrumentingClassLoader                             : loaded 2 times (x 68B)
Class org.gradle.internal.installation.CurrentGradleInstallationLocator               : loaded 2 times (x 69B)
Class org.gradle.api.internal.classpath.Module                                        : loaded 2 times (x 68B)
Class org.gradle.internal.service.CachingServiceLocator                               : loaded 2 times (x 80B)
Class org.gradle.internal.classpath.DefaultClassPath                                  : loaded 2 times (x 88B)
Class org.gradle.internal.classloader.SystemClassLoaderSpec                           : loaded 2 times (x 69B)
Class org.gradle.api.UncheckedIOException                                             : loaded 2 times (x 80B)
Class build_amfbvsgrth45pt5zyq2xlbptl                                                 : loaded 2 times (x 178B)
Class build_amfbvsgrth45pt5zyq2xlbptl$_run_closure1                                   : loaded 2 times (x 134B)
Class org.gradle.internal.classloader.ClasspathUtil                                   : loaded 2 times (x 69B)
Class org.gradle.api.internal.DefaultClassPathRegistry                                : loaded 2 times (x 74B)
Class org.gradle.api.internal.classpath.DefaultModuleRegistry$DefaultModule           : loaded 2 times (x 84B)
Class org.gradle.api.internal.classpath.UnknownModuleException                        : loaded 2 times (x 80B)
Class org.gradle.internal.service.ServiceLookupException                              : loaded 2 times (x 80B)
Class org.gradle.cache.GlobalCache                                                    : loaded 2 times (x 68B)
Class [Lorg.gradle.api.internal.ClassPathProvider;                                    : loaded 2 times (x 67B)
Class org.gradle.util.internal.GUtil                                                  : loaded 2 times (x 69B)
Class org.gradle.internal.classloader.ClassLoaderSpec                                 : loaded 2 times (x 69B)
Class org.gradle.internal.classloader.VisitableURLClassLoader                         : loaded 2 times (x 115B)
Class org.gradle.internal.Cast                                                        : loaded 2 times (x 69B)
Class org.gradle.api.internal.ClassPathRegistry                                       : loaded 2 times (x 68B)
Class org.gradle.internal.classloader.VisitableURLClassLoader$InstrumentingVisitableURLClassLoader: loaded 2 times (x 121B)
Class org.gradle.internal.classloader.ClassLoaderHierarchy                            : loaded 2 times (x 68B)
Class org.gradle.internal.InternalTransformer                                         : loaded 2 times (x 68B)
Class org.gradle.internal.service.ServiceLocator                                      : loaded 2 times (x 68B)
Class org.gradle.internal.classpath.DefaultClassPath$ImmutableUniqueList              : loaded 2 times (x 159B)
Class org.gradle.internal.classpath.TransformedClassPath                              : loaded 2 times (x 94B)


---------------  S Y S T E M  ---------------

OS:
 Windows 10 , 64 bit Build 19041 (10.0.19041.3393)
OS uptime: 0 days 7:40 hours
Hyper-V role detected

CPU: total 8 (initial active 8) (8 cores per cpu, 1 threads per core) family 6 model 158 stepping 13 microcode 0xb0, cx8, cmov, fxsr, mmx, 3dnowpref, sse, sse2, sse3, ssse3, sse4.1, sse4.2, popcnt, lzcnt, tsc, tscinvbit, avx, avx2, aes, erms, clmul, bmi1, bmi2, rtm, adx, fma, vzeroupper, clflush, clflushopt, hv
Processor Information for all 8 processors :
  Max Mhz: 3000, Current Mhz: 3000, Mhz Limit: 3000

Memory: 4k page, system-wide physical 16256M (510M free)
TotalPageFile size 54656M (AvailPageFile size 115M)
current process WorkingSet (physical memory assigned to process): 356M, peak: 489M
current process commit charge ("private bytes"): 534M, peak: 560M

vm_info: OpenJDK 64-Bit Server VM (17.0.8+7-b1000.22) for windows-amd64 JRE (17.0.8+7-b1000.22), built on 2023-09-02 by "builduser" with MS VC++ 16.10 / 16.11 (VS2019)

END.
